2025-10-17 12:12:10,174 - scratch_vessel_pointmlp - INFO - Copy the Config file from cfgs/scratch_vessel_pointmlp.yaml to ./experiments/scratch_vessel_pointmlp/cfgs/vessel_622_training/config.yaml
2025-10-17 12:12:10,174 - scratch_vessel_pointmlp - INFO - args.config : cfgs/scratch_vessel_pointmlp.yaml
2025-10-17 12:12:10,174 - scratch_vessel_pointmlp - INFO - args.launcher : none
2025-10-17 12:12:10,174 - scratch_vessel_pointmlp - INFO - args.local_rank : 0
2025-10-17 12:12:10,174 - scratch_vessel_pointmlp - INFO - args.num_workers : 8
2025-10-17 12:12:10,174 - scratch_vessel_pointmlp - INFO - args.seed : 0
2025-10-17 12:12:10,174 - scratch_vessel_pointmlp - INFO - args.deterministic : False
2025-10-17 12:12:10,174 - scratch_vessel_pointmlp - INFO - args.sync_bn : False
2025-10-17 12:12:10,174 - scratch_vessel_pointmlp - INFO - args.exp_name : vessel_622_training
2025-10-17 12:12:10,174 - scratch_vessel_pointmlp - INFO - args.loss : cd1
2025-10-17 12:12:10,174 - scratch_vessel_pointmlp - INFO - args.start_ckpts : None
2025-10-17 12:12:10,174 - scratch_vessel_pointmlp - INFO - args.ckpts : None
2025-10-17 12:12:10,174 - scratch_vessel_pointmlp - INFO - args.val_freq : 1
2025-10-17 12:12:10,174 - scratch_vessel_pointmlp - INFO - args.vote : False
2025-10-17 12:12:10,174 - scratch_vessel_pointmlp - INFO - args.resume : False
2025-10-17 12:12:10,174 - scratch_vessel_pointmlp - INFO - args.test : False
2025-10-17 12:12:10,174 - scratch_vessel_pointmlp - INFO - args.finetune_model : False
2025-10-17 12:12:10,174 - scratch_vessel_pointmlp - INFO - args.scratch_model : True
2025-10-17 12:12:10,174 - scratch_vessel_pointmlp - INFO - args.mode : None
2025-10-17 12:12:10,174 - scratch_vessel_pointmlp - INFO - args.way : -1
2025-10-17 12:12:10,174 - scratch_vessel_pointmlp - INFO - args.shot : -1
2025-10-17 12:12:10,174 - scratch_vessel_pointmlp - INFO - args.fold : -1
2025-10-17 12:12:10,174 - scratch_vessel_pointmlp - INFO - args.experiment_path : ./experiments/scratch_vessel_pointmlp/cfgs/vessel_622_training
2025-10-17 12:12:10,174 - scratch_vessel_pointmlp - INFO - args.tfboard_path : ./experiments/scratch_vessel_pointmlp/cfgs/TFBoard/vessel_622_training
2025-10-17 12:12:10,174 - scratch_vessel_pointmlp - INFO - args.log_name : scratch_vessel_pointmlp
2025-10-17 12:12:10,174 - scratch_vessel_pointmlp - INFO - args.use_gpu : True
2025-10-17 12:12:10,174 - scratch_vessel_pointmlp - INFO - args.distributed : False
2025-10-17 12:12:10,174 - scratch_vessel_pointmlp - INFO - config.optimizer = edict()
2025-10-17 12:12:10,174 - scratch_vessel_pointmlp - INFO - config.optimizer.type : AdamW
2025-10-17 12:12:10,174 - scratch_vessel_pointmlp - INFO - config.optimizer.kwargs = edict()
2025-10-17 12:12:10,174 - scratch_vessel_pointmlp - INFO - config.optimizer.kwargs.lr : 0.001
2025-10-17 12:12:10,174 - scratch_vessel_pointmlp - INFO - config.optimizer.kwargs.weight_decay : 0.05
2025-10-17 12:12:10,174 - scratch_vessel_pointmlp - INFO - config.scheduler = edict()
2025-10-17 12:12:10,174 - scratch_vessel_pointmlp - INFO - config.scheduler.type : CosLR
2025-10-17 12:12:10,174 - scratch_vessel_pointmlp - INFO - config.scheduler.kwargs = edict()
2025-10-17 12:12:10,174 - scratch_vessel_pointmlp - INFO - config.scheduler.kwargs.epochs : 250
2025-10-17 12:12:10,174 - scratch_vessel_pointmlp - INFO - config.scheduler.kwargs.initial_epochs : 10
2025-10-17 12:12:10,174 - scratch_vessel_pointmlp - INFO - config.dataset = edict()
2025-10-17 12:12:10,174 - scratch_vessel_pointmlp - INFO - config.dataset.train = edict()
2025-10-17 12:12:10,174 - scratch_vessel_pointmlp - INFO - config.dataset.train._base_ = edict()
2025-10-17 12:12:10,174 - scratch_vessel_pointmlp - INFO - config.dataset.train._base_.NAME : Vessel
2025-10-17 12:12:10,174 - scratch_vessel_pointmlp - INFO - config.dataset.train._base_.DATA_PATH : data/Vessel
2025-10-17 12:12:10,175 - scratch_vessel_pointmlp - INFO - config.dataset.train._base_.N_POINTS : 8192
2025-10-17 12:12:10,175 - scratch_vessel_pointmlp - INFO - config.dataset.train._base_.PC_PATH : data/Vessel/vessel_pc
2025-10-17 12:12:10,175 - scratch_vessel_pointmlp - INFO - config.dataset.train.others = edict()
2025-10-17 12:12:10,175 - scratch_vessel_pointmlp - INFO - config.dataset.train.others.subset : train
2025-10-17 12:12:10,175 - scratch_vessel_pointmlp - INFO - config.dataset.train.others.split_file : pretrain.txt
2025-10-17 12:12:10,175 - scratch_vessel_pointmlp - INFO - config.dataset.train.others.bs : 128
2025-10-17 12:12:10,175 - scratch_vessel_pointmlp - INFO - config.dataset.val = edict()
2025-10-17 12:12:10,175 - scratch_vessel_pointmlp - INFO - config.dataset.val._base_ = edict()
2025-10-17 12:12:10,175 - scratch_vessel_pointmlp - INFO - config.dataset.val._base_.NAME : Vessel
2025-10-17 12:12:10,175 - scratch_vessel_pointmlp - INFO - config.dataset.val._base_.DATA_PATH : data/Vessel
2025-10-17 12:12:10,175 - scratch_vessel_pointmlp - INFO - config.dataset.val._base_.N_POINTS : 8192
2025-10-17 12:12:10,175 - scratch_vessel_pointmlp - INFO - config.dataset.val._base_.PC_PATH : data/Vessel/vessel_pc
2025-10-17 12:12:10,175 - scratch_vessel_pointmlp - INFO - config.dataset.val.others = edict()
2025-10-17 12:12:10,175 - scratch_vessel_pointmlp - INFO - config.dataset.val.others.subset : test
2025-10-17 12:12:10,175 - scratch_vessel_pointmlp - INFO - config.dataset.val.others.split_file : finetune_train.txt
2025-10-17 12:12:10,175 - scratch_vessel_pointmlp - INFO - config.dataset.val.others.bs : 256
2025-10-17 12:12:10,175 - scratch_vessel_pointmlp - INFO - config.dataset.test = edict()
2025-10-17 12:12:10,175 - scratch_vessel_pointmlp - INFO - config.dataset.test._base_ = edict()
2025-10-17 12:12:10,175 - scratch_vessel_pointmlp - INFO - config.dataset.test._base_.NAME : Vessel
2025-10-17 12:12:10,175 - scratch_vessel_pointmlp - INFO - config.dataset.test._base_.DATA_PATH : data/Vessel
2025-10-17 12:12:10,175 - scratch_vessel_pointmlp - INFO - config.dataset.test._base_.N_POINTS : 8192
2025-10-17 12:12:10,175 - scratch_vessel_pointmlp - INFO - config.dataset.test._base_.PC_PATH : data/Vessel/vessel_pc
2025-10-17 12:12:10,175 - scratch_vessel_pointmlp - INFO - config.dataset.test.others = edict()
2025-10-17 12:12:10,175 - scratch_vessel_pointmlp - INFO - config.dataset.test.others.subset : test
2025-10-17 12:12:10,175 - scratch_vessel_pointmlp - INFO - config.dataset.test.others.split_file : finetune_test.txt
2025-10-17 12:12:10,175 - scratch_vessel_pointmlp - INFO - config.dataset.test.others.bs : 128
2025-10-17 12:12:10,175 - scratch_vessel_pointmlp - INFO - config.model = edict()
2025-10-17 12:12:10,175 - scratch_vessel_pointmlp - INFO - config.model.NAME : PointMLP
2025-10-17 12:12:10,175 - scratch_vessel_pointmlp - INFO - config.model.cls_dim : 700
2025-10-17 12:12:10,175 - scratch_vessel_pointmlp - INFO - config.npoints : 2048
2025-10-17 12:12:10,175 - scratch_vessel_pointmlp - INFO - config.total_bs : 128
2025-10-17 12:12:10,175 - scratch_vessel_pointmlp - INFO - config.step_per_update : 1
2025-10-17 12:12:10,175 - scratch_vessel_pointmlp - INFO - config.max_epoch : 250
2025-10-17 12:12:10,175 - scratch_vessel_pointmlp - INFO - config.grad_norm_clip : 10
2025-10-17 12:12:10,175 - scratch_vessel_pointmlp - INFO - Distributed training: False
2025-10-17 12:12:10,175 - scratch_vessel_pointmlp - INFO - Set random seed to 0, deterministic: False
2025-10-17 12:12:10,179 - scratch_vessel_pointmlp - INFO - Copy the Config file from cfgs/scratch_vessel_pointmlp.yaml to ./experiments/scratch_vessel_pointmlp/cfgs/vessel_622_training/config.yaml
2025-10-17 12:12:10,186 - scratch_vessel_pointmlp - INFO - Training from scratch
2025-10-17 12:12:11,095 - scratch_vessel_pointmlp - INFO - Using Data parallel ...
2025-10-17 12:12:11,349 - scratch_vessel_pointmlp - INFO - Skipping batch 0 due to batch size <= 1 after GPU split.
2025-10-17 12:12:11,367 - scratch_vessel_pointmlp - INFO - Skipping batch 1 due to batch size <= 1 after GPU split.
2025-10-17 12:12:11,385 - scratch_vessel_pointmlp - INFO - Skipping batch 2 due to batch size <= 1 after GPU split.
2025-10-17 12:12:11,412 - scratch_vessel_pointmlp - INFO - [Training] EPOCH: 0 was skipped because all batches had a size of 1.
2025-10-17 12:12:11,420 - scratch_vessel_pointmlp - INFO - Save checkpoint at ./experiments/scratch_vessel_pointmlp/cfgs/vessel_622_training/ckpt-last.pth
2025-10-17 12:12:11,713 - scratch_vessel_pointmlp - INFO - Skipping batch 0 due to batch size <= 1 after GPU split.
2025-10-17 12:12:11,730 - scratch_vessel_pointmlp - INFO - Skipping batch 1 due to batch size <= 1 after GPU split.
2025-10-17 12:12:11,747 - scratch_vessel_pointmlp - INFO - Skipping batch 2 due to batch size <= 1 after GPU split.
2025-10-17 12:12:11,778 - scratch_vessel_pointmlp - INFO - [Training] EPOCH: 1 was skipped because all batches had a size of 1.
2025-10-17 12:12:13,060 - scratch_vessel_pointmlp - INFO - Warning: Shape mismatch in validation batch 0. Skipping.
2025-10-17 12:12:13,062 - scratch_vessel_pointmlp - INFO - Warning: Shape mismatch in validation batch 1. Skipping.
2025-10-17 12:12:13,112 - scratch_vessel_pointmlp - INFO - Warning: No valid batches were processed during validation.
2025-10-17 12:12:13,135 - scratch_vessel_pointmlp - INFO - Save checkpoint at ./experiments/scratch_vessel_pointmlp/cfgs/vessel_622_training/ckpt-last.pth
2025-10-17 12:12:13,503 - scratch_vessel_pointmlp - INFO - Skipping batch 0 due to batch size <= 1 after GPU split.
2025-10-17 12:12:13,522 - scratch_vessel_pointmlp - INFO - Skipping batch 1 due to batch size <= 1 after GPU split.
2025-10-17 12:12:13,539 - scratch_vessel_pointmlp - INFO - Skipping batch 2 due to batch size <= 1 after GPU split.
2025-10-17 12:12:13,576 - scratch_vessel_pointmlp - INFO - [Training] EPOCH: 2 was skipped because all batches had a size of 1.
2025-10-17 12:12:13,874 - scratch_vessel_pointmlp - INFO - Warning: Shape mismatch in validation batch 0. Skipping.
2025-10-17 12:12:13,890 - scratch_vessel_pointmlp - INFO - Warning: Shape mismatch in validation batch 1. Skipping.
2025-10-17 12:12:13,939 - scratch_vessel_pointmlp - INFO - Warning: No valid batches were processed during validation.
2025-10-17 12:12:13,956 - scratch_vessel_pointmlp - INFO - Save checkpoint at ./experiments/scratch_vessel_pointmlp/cfgs/vessel_622_training/ckpt-last.pth
2025-10-17 12:12:14,259 - scratch_vessel_pointmlp - INFO - Skipping batch 0 due to batch size <= 1 after GPU split.
2025-10-17 12:12:14,277 - scratch_vessel_pointmlp - INFO - Skipping batch 1 due to batch size <= 1 after GPU split.
2025-10-17 12:12:14,294 - scratch_vessel_pointmlp - INFO - Skipping batch 2 due to batch size <= 1 after GPU split.
2025-10-17 12:12:14,334 - scratch_vessel_pointmlp - INFO - [Training] EPOCH: 3 was skipped because all batches had a size of 1.
2025-10-17 12:12:14,641 - scratch_vessel_pointmlp - INFO - Warning: Shape mismatch in validation batch 0. Skipping.
2025-10-17 12:12:14,658 - scratch_vessel_pointmlp - INFO - Warning: Shape mismatch in validation batch 1. Skipping.
2025-10-17 12:12:14,727 - scratch_vessel_pointmlp - INFO - Warning: No valid batches were processed during validation.
2025-10-17 12:12:14,752 - scratch_vessel_pointmlp - INFO - Save checkpoint at ./experiments/scratch_vessel_pointmlp/cfgs/vessel_622_training/ckpt-last.pth
2025-10-17 12:12:15,193 - scratch_vessel_pointmlp - INFO - Skipping batch 0 due to batch size <= 1 after GPU split.
2025-10-17 12:12:15,211 - scratch_vessel_pointmlp - INFO - Skipping batch 1 due to batch size <= 1 after GPU split.
2025-10-17 12:12:15,228 - scratch_vessel_pointmlp - INFO - Skipping batch 2 due to batch size <= 1 after GPU split.
2025-10-17 12:12:15,301 - scratch_vessel_pointmlp - INFO - [Training] EPOCH: 4 was skipped because all batches had a size of 1.
2025-10-17 12:12:15,723 - scratch_vessel_pointmlp - INFO - Warning: Shape mismatch in validation batch 0. Skipping.
2025-10-17 12:12:15,739 - scratch_vessel_pointmlp - INFO - Warning: Shape mismatch in validation batch 1. Skipping.
2025-10-17 12:12:15,791 - scratch_vessel_pointmlp - INFO - Warning: No valid batches were processed during validation.
2025-10-17 12:12:15,801 - scratch_vessel_pointmlp - INFO - Save checkpoint at ./experiments/scratch_vessel_pointmlp/cfgs/vessel_622_training/ckpt-last.pth
2025-10-17 12:12:16,376 - scratch_vessel_pointmlp - INFO - Skipping batch 0 due to batch size <= 1 after GPU split.
2025-10-17 12:12:16,395 - scratch_vessel_pointmlp - INFO - Skipping batch 1 due to batch size <= 1 after GPU split.
2025-10-17 12:12:16,413 - scratch_vessel_pointmlp - INFO - Skipping batch 2 due to batch size <= 1 after GPU split.
2025-10-17 12:12:16,534 - scratch_vessel_pointmlp - INFO - [Training] EPOCH: 5 was skipped because all batches had a size of 1.
2025-10-17 12:12:17,238 - scratch_vessel_pointmlp - INFO - Warning: Shape mismatch in validation batch 0. Skipping.
2025-10-17 12:12:17,257 - scratch_vessel_pointmlp - INFO - Warning: Shape mismatch in validation batch 1. Skipping.
2025-10-17 12:12:17,395 - scratch_vessel_pointmlp - INFO - Warning: No valid batches were processed during validation.
2025-10-17 12:12:17,414 - scratch_vessel_pointmlp - INFO - Save checkpoint at ./experiments/scratch_vessel_pointmlp/cfgs/vessel_622_training/ckpt-last.pth
2025-10-17 12:12:17,931 - scratch_vessel_pointmlp - INFO - Skipping batch 0 due to batch size <= 1 after GPU split.
2025-10-17 12:12:17,949 - scratch_vessel_pointmlp - INFO - Skipping batch 1 due to batch size <= 1 after GPU split.
2025-10-17 12:12:17,970 - scratch_vessel_pointmlp - INFO - Skipping batch 2 due to batch size <= 1 after GPU split.
2025-10-17 12:12:18,016 - scratch_vessel_pointmlp - INFO - [Training] EPOCH: 6 was skipped because all batches had a size of 1.
2025-10-17 12:12:18,351 - scratch_vessel_pointmlp - INFO - Warning: Shape mismatch in validation batch 0. Skipping.
2025-10-17 12:12:18,367 - scratch_vessel_pointmlp - INFO - Warning: Shape mismatch in validation batch 1. Skipping.
2025-10-17 12:12:18,411 - scratch_vessel_pointmlp - INFO - Warning: No valid batches were processed during validation.
2025-10-17 12:12:18,419 - scratch_vessel_pointmlp - INFO - Save checkpoint at ./experiments/scratch_vessel_pointmlp/cfgs/vessel_622_training/ckpt-last.pth
2025-10-17 12:12:18,827 - scratch_vessel_pointmlp - INFO - Skipping batch 0 due to batch size <= 1 after GPU split.
2025-10-17 12:12:18,846 - scratch_vessel_pointmlp - INFO - Skipping batch 1 due to batch size <= 1 after GPU split.
2025-10-17 12:12:18,863 - scratch_vessel_pointmlp - INFO - Skipping batch 2 due to batch size <= 1 after GPU split.
2025-10-17 12:12:18,908 - scratch_vessel_pointmlp - INFO - [Training] EPOCH: 7 was skipped because all batches had a size of 1.
2025-10-17 12:12:19,238 - scratch_vessel_pointmlp - INFO - Warning: Shape mismatch in validation batch 0. Skipping.
2025-10-17 12:12:19,255 - scratch_vessel_pointmlp - INFO - Warning: Shape mismatch in validation batch 1. Skipping.
2025-10-17 12:12:19,303 - scratch_vessel_pointmlp - INFO - Warning: No valid batches were processed during validation.
2025-10-17 12:12:19,311 - scratch_vessel_pointmlp - INFO - Save checkpoint at ./experiments/scratch_vessel_pointmlp/cfgs/vessel_622_training/ckpt-last.pth
2025-10-17 12:12:19,628 - scratch_vessel_pointmlp - INFO - Skipping batch 0 due to batch size <= 1 after GPU split.
2025-10-17 12:12:19,645 - scratch_vessel_pointmlp - INFO - Skipping batch 1 due to batch size <= 1 after GPU split.
2025-10-17 12:12:19,663 - scratch_vessel_pointmlp - INFO - Skipping batch 2 due to batch size <= 1 after GPU split.
2025-10-17 12:12:19,713 - scratch_vessel_pointmlp - INFO - [Training] EPOCH: 8 was skipped because all batches had a size of 1.
2025-10-17 12:12:20,006 - scratch_vessel_pointmlp - INFO - Warning: Shape mismatch in validation batch 0. Skipping.
2025-10-17 12:12:20,022 - scratch_vessel_pointmlp - INFO - Warning: Shape mismatch in validation batch 1. Skipping.
2025-10-17 12:12:20,064 - scratch_vessel_pointmlp - INFO - Warning: No valid batches were processed during validation.
2025-10-17 12:12:20,072 - scratch_vessel_pointmlp - INFO - Save checkpoint at ./experiments/scratch_vessel_pointmlp/cfgs/vessel_622_training/ckpt-last.pth
2025-10-17 12:12:20,372 - scratch_vessel_pointmlp - INFO - Skipping batch 0 due to batch size <= 1 after GPU split.
2025-10-17 12:12:20,389 - scratch_vessel_pointmlp - INFO - Skipping batch 1 due to batch size <= 1 after GPU split.
2025-10-17 12:12:20,407 - scratch_vessel_pointmlp - INFO - Skipping batch 2 due to batch size <= 1 after GPU split.
2025-10-17 12:12:20,445 - scratch_vessel_pointmlp - INFO - [Training] EPOCH: 9 was skipped because all batches had a size of 1.
2025-10-17 12:12:20,734 - scratch_vessel_pointmlp - INFO - Warning: Shape mismatch in validation batch 0. Skipping.
2025-10-17 12:12:20,750 - scratch_vessel_pointmlp - INFO - Warning: Shape mismatch in validation batch 1. Skipping.
2025-10-17 12:12:20,798 - scratch_vessel_pointmlp - INFO - Warning: No valid batches were processed during validation.
2025-10-17 12:12:20,810 - scratch_vessel_pointmlp - INFO - Save checkpoint at ./experiments/scratch_vessel_pointmlp/cfgs/vessel_622_training/ckpt-last.pth
2025-10-17 12:12:21,125 - scratch_vessel_pointmlp - INFO - Skipping batch 0 due to batch size <= 1 after GPU split.
2025-10-17 12:12:21,142 - scratch_vessel_pointmlp - INFO - Skipping batch 1 due to batch size <= 1 after GPU split.
2025-10-17 12:12:21,159 - scratch_vessel_pointmlp - INFO - Skipping batch 2 due to batch size <= 1 after GPU split.
2025-10-17 12:12:21,199 - scratch_vessel_pointmlp - INFO - [Training] EPOCH: 10 was skipped because all batches had a size of 1.
2025-10-17 12:12:21,480 - scratch_vessel_pointmlp - INFO - Warning: Shape mismatch in validation batch 0. Skipping.
2025-10-17 12:12:21,496 - scratch_vessel_pointmlp - INFO - Warning: Shape mismatch in validation batch 1. Skipping.
2025-10-17 12:12:21,543 - scratch_vessel_pointmlp - INFO - Warning: No valid batches were processed during validation.
2025-10-17 12:12:21,551 - scratch_vessel_pointmlp - INFO - Save checkpoint at ./experiments/scratch_vessel_pointmlp/cfgs/vessel_622_training/ckpt-last.pth
2025-10-17 12:12:21,885 - scratch_vessel_pointmlp - INFO - Skipping batch 0 due to batch size <= 1 after GPU split.
2025-10-17 12:12:21,902 - scratch_vessel_pointmlp - INFO - Skipping batch 1 due to batch size <= 1 after GPU split.
2025-10-17 12:12:21,920 - scratch_vessel_pointmlp - INFO - Skipping batch 2 due to batch size <= 1 after GPU split.
2025-10-17 12:12:21,962 - scratch_vessel_pointmlp - INFO - [Training] EPOCH: 11 was skipped because all batches had a size of 1.
2025-10-17 12:12:22,252 - scratch_vessel_pointmlp - INFO - Warning: Shape mismatch in validation batch 0. Skipping.
2025-10-17 12:12:22,269 - scratch_vessel_pointmlp - INFO - Warning: Shape mismatch in validation batch 1. Skipping.
2025-10-17 12:12:22,336 - scratch_vessel_pointmlp - INFO - Warning: No valid batches were processed during validation.
2025-10-17 12:12:22,344 - scratch_vessel_pointmlp - INFO - Save checkpoint at ./experiments/scratch_vessel_pointmlp/cfgs/vessel_622_training/ckpt-last.pth
2025-10-17 12:12:22,750 - scratch_vessel_pointmlp - INFO - Skipping batch 0 due to batch size <= 1 after GPU split.
2025-10-17 12:12:22,767 - scratch_vessel_pointmlp - INFO - Skipping batch 1 due to batch size <= 1 after GPU split.
2025-10-17 12:12:22,785 - scratch_vessel_pointmlp - INFO - Skipping batch 2 due to batch size <= 1 after GPU split.
2025-10-17 12:12:22,864 - scratch_vessel_pointmlp - INFO - [Training] EPOCH: 12 was skipped because all batches had a size of 1.
2025-10-17 12:12:23,289 - scratch_vessel_pointmlp - INFO - Warning: Shape mismatch in validation batch 0. Skipping.
2025-10-17 12:12:23,305 - scratch_vessel_pointmlp - INFO - Warning: Shape mismatch in validation batch 1. Skipping.
2025-10-17 12:12:23,377 - scratch_vessel_pointmlp - INFO - Warning: No valid batches were processed during validation.
2025-10-17 12:12:23,387 - scratch_vessel_pointmlp - INFO - Save checkpoint at ./experiments/scratch_vessel_pointmlp/cfgs/vessel_622_training/ckpt-last.pth
2025-10-17 12:12:23,728 - scratch_vessel_pointmlp - INFO - Skipping batch 0 due to batch size <= 1 after GPU split.
2025-10-17 12:12:23,746 - scratch_vessel_pointmlp - INFO - Skipping batch 1 due to batch size <= 1 after GPU split.
2025-10-17 12:12:23,763 - scratch_vessel_pointmlp - INFO - Skipping batch 2 due to batch size <= 1 after GPU split.
2025-10-17 12:12:23,801 - scratch_vessel_pointmlp - INFO - [Training] EPOCH: 13 was skipped because all batches had a size of 1.
2025-10-17 12:12:24,092 - scratch_vessel_pointmlp - INFO - Warning: Shape mismatch in validation batch 0. Skipping.
2025-10-17 12:12:24,110 - scratch_vessel_pointmlp - INFO - Warning: Shape mismatch in validation batch 1. Skipping.
2025-10-17 12:12:24,152 - scratch_vessel_pointmlp - INFO - Warning: No valid batches were processed during validation.
2025-10-17 12:12:24,160 - scratch_vessel_pointmlp - INFO - Save checkpoint at ./experiments/scratch_vessel_pointmlp/cfgs/vessel_622_training/ckpt-last.pth
2025-10-17 12:12:24,526 - scratch_vessel_pointmlp - INFO - Skipping batch 0 due to batch size <= 1 after GPU split.
2025-10-17 12:12:24,544 - scratch_vessel_pointmlp - INFO - Skipping batch 1 due to batch size <= 1 after GPU split.
2025-10-17 12:12:24,565 - scratch_vessel_pointmlp - INFO - Skipping batch 2 due to batch size <= 1 after GPU split.
2025-10-17 12:12:24,688 - scratch_vessel_pointmlp - INFO - [Training] EPOCH: 14 was skipped because all batches had a size of 1.
2025-10-17 12:12:25,057 - scratch_vessel_pointmlp - INFO - Warning: Shape mismatch in validation batch 0. Skipping.
2025-10-17 12:12:25,074 - scratch_vessel_pointmlp - INFO - Warning: Shape mismatch in validation batch 1. Skipping.
2025-10-17 12:12:25,177 - scratch_vessel_pointmlp - INFO - Warning: No valid batches were processed during validation.
2025-10-17 12:12:25,194 - scratch_vessel_pointmlp - INFO - Save checkpoint at ./experiments/scratch_vessel_pointmlp/cfgs/vessel_622_training/ckpt-last.pth
2025-10-17 12:12:25,655 - scratch_vessel_pointmlp - INFO - Skipping batch 0 due to batch size <= 1 after GPU split.
2025-10-17 12:12:25,673 - scratch_vessel_pointmlp - INFO - Skipping batch 1 due to batch size <= 1 after GPU split.
2025-10-17 12:12:25,693 - scratch_vessel_pointmlp - INFO - Skipping batch 2 due to batch size <= 1 after GPU split.
2025-10-17 12:12:25,772 - scratch_vessel_pointmlp - INFO - [Training] EPOCH: 15 was skipped because all batches had a size of 1.
2025-10-17 12:12:26,120 - scratch_vessel_pointmlp - INFO - Warning: Shape mismatch in validation batch 0. Skipping.
2025-10-17 12:12:26,138 - scratch_vessel_pointmlp - INFO - Warning: Shape mismatch in validation batch 1. Skipping.
2025-10-17 12:12:26,219 - scratch_vessel_pointmlp - INFO - Warning: No valid batches were processed during validation.
2025-10-17 12:12:26,231 - scratch_vessel_pointmlp - INFO - Save checkpoint at ./experiments/scratch_vessel_pointmlp/cfgs/vessel_622_training/ckpt-last.pth
2025-10-17 12:12:26,631 - scratch_vessel_pointmlp - INFO - Skipping batch 0 due to batch size <= 1 after GPU split.
2025-10-17 12:12:26,649 - scratch_vessel_pointmlp - INFO - Skipping batch 1 due to batch size <= 1 after GPU split.
2025-10-17 12:12:26,666 - scratch_vessel_pointmlp - INFO - Skipping batch 2 due to batch size <= 1 after GPU split.
2025-10-17 12:12:26,721 - scratch_vessel_pointmlp - INFO - [Training] EPOCH: 16 was skipped because all batches had a size of 1.
2025-10-17 12:12:27,142 - scratch_vessel_pointmlp - INFO - Warning: Shape mismatch in validation batch 0. Skipping.
2025-10-17 12:12:27,158 - scratch_vessel_pointmlp - INFO - Warning: Shape mismatch in validation batch 1. Skipping.
2025-10-17 12:12:27,207 - scratch_vessel_pointmlp - INFO - Warning: No valid batches were processed during validation.
2025-10-17 12:12:27,215 - scratch_vessel_pointmlp - INFO - Save checkpoint at ./experiments/scratch_vessel_pointmlp/cfgs/vessel_622_training/ckpt-last.pth
2025-10-17 12:12:27,582 - scratch_vessel_pointmlp - INFO - Skipping batch 0 due to batch size <= 1 after GPU split.
2025-10-17 12:12:27,601 - scratch_vessel_pointmlp - INFO - Skipping batch 1 due to batch size <= 1 after GPU split.
2025-10-17 12:12:27,619 - scratch_vessel_pointmlp - INFO - Skipping batch 2 due to batch size <= 1 after GPU split.
2025-10-17 12:12:27,692 - scratch_vessel_pointmlp - INFO - [Training] EPOCH: 17 was skipped because all batches had a size of 1.
2025-10-17 12:12:28,001 - scratch_vessel_pointmlp - INFO - Warning: Shape mismatch in validation batch 0. Skipping.
2025-10-17 12:12:28,017 - scratch_vessel_pointmlp - INFO - Warning: Shape mismatch in validation batch 1. Skipping.
2025-10-17 12:12:28,062 - scratch_vessel_pointmlp - INFO - Warning: No valid batches were processed during validation.
2025-10-17 12:12:28,071 - scratch_vessel_pointmlp - INFO - Save checkpoint at ./experiments/scratch_vessel_pointmlp/cfgs/vessel_622_training/ckpt-last.pth
2025-10-17 12:12:28,471 - scratch_vessel_pointmlp - INFO - Skipping batch 0 due to batch size <= 1 after GPU split.
2025-10-17 12:12:28,488 - scratch_vessel_pointmlp - INFO - Skipping batch 1 due to batch size <= 1 after GPU split.
2025-10-17 12:12:28,506 - scratch_vessel_pointmlp - INFO - Skipping batch 2 due to batch size <= 1 after GPU split.
2025-10-17 12:12:28,556 - scratch_vessel_pointmlp - INFO - [Training] EPOCH: 18 was skipped because all batches had a size of 1.
2025-10-17 12:12:28,877 - scratch_vessel_pointmlp - INFO - Warning: Shape mismatch in validation batch 0. Skipping.
2025-10-17 12:12:28,893 - scratch_vessel_pointmlp - INFO - Warning: Shape mismatch in validation batch 1. Skipping.
2025-10-17 12:12:28,946 - scratch_vessel_pointmlp - INFO - Warning: No valid batches were processed during validation.
2025-10-17 12:12:28,954 - scratch_vessel_pointmlp - INFO - Save checkpoint at ./experiments/scratch_vessel_pointmlp/cfgs/vessel_622_training/ckpt-last.pth
2025-10-17 12:12:29,250 - scratch_vessel_pointmlp - INFO - Skipping batch 0 due to batch size <= 1 after GPU split.
2025-10-17 12:12:29,268 - scratch_vessel_pointmlp - INFO - Skipping batch 1 due to batch size <= 1 after GPU split.
2025-10-17 12:12:29,285 - scratch_vessel_pointmlp - INFO - Skipping batch 2 due to batch size <= 1 after GPU split.
2025-10-17 12:12:29,325 - scratch_vessel_pointmlp - INFO - [Training] EPOCH: 19 was skipped because all batches had a size of 1.
2025-10-17 12:12:29,648 - scratch_vessel_pointmlp - INFO - Warning: Shape mismatch in validation batch 0. Skipping.
2025-10-17 12:12:29,664 - scratch_vessel_pointmlp - INFO - Warning: Shape mismatch in validation batch 1. Skipping.
2025-10-17 12:12:29,732 - scratch_vessel_pointmlp - INFO - Warning: No valid batches were processed during validation.
2025-10-17 12:12:29,740 - scratch_vessel_pointmlp - INFO - Save checkpoint at ./experiments/scratch_vessel_pointmlp/cfgs/vessel_622_training/ckpt-last.pth
2025-10-17 12:12:30,058 - scratch_vessel_pointmlp - INFO - Skipping batch 0 due to batch size <= 1 after GPU split.
2025-10-17 12:12:30,077 - scratch_vessel_pointmlp - INFO - Skipping batch 1 due to batch size <= 1 after GPU split.
2025-10-17 12:12:30,098 - scratch_vessel_pointmlp - INFO - Skipping batch 2 due to batch size <= 1 after GPU split.
2025-10-17 12:12:30,180 - scratch_vessel_pointmlp - INFO - [Training] EPOCH: 20 was skipped because all batches had a size of 1.
2025-10-17 12:12:30,558 - scratch_vessel_pointmlp - INFO - Warning: Shape mismatch in validation batch 0. Skipping.
2025-10-17 12:12:30,574 - scratch_vessel_pointmlp - INFO - Warning: Shape mismatch in validation batch 1. Skipping.
2025-10-17 12:12:30,642 - scratch_vessel_pointmlp - INFO - Warning: No valid batches were processed during validation.
2025-10-17 12:12:30,651 - scratch_vessel_pointmlp - INFO - Save checkpoint at ./experiments/scratch_vessel_pointmlp/cfgs/vessel_622_training/ckpt-last.pth
2025-10-17 12:12:30,968 - scratch_vessel_pointmlp - INFO - Skipping batch 0 due to batch size <= 1 after GPU split.
2025-10-17 12:12:30,986 - scratch_vessel_pointmlp - INFO - Skipping batch 1 due to batch size <= 1 after GPU split.
2025-10-17 12:12:31,005 - scratch_vessel_pointmlp - INFO - Skipping batch 2 due to batch size <= 1 after GPU split.
2025-10-17 12:12:31,082 - scratch_vessel_pointmlp - INFO - [Training] EPOCH: 21 was skipped because all batches had a size of 1.
2025-10-17 12:12:31,407 - scratch_vessel_pointmlp - INFO - Warning: Shape mismatch in validation batch 0. Skipping.
2025-10-17 12:12:31,423 - scratch_vessel_pointmlp - INFO - Warning: Shape mismatch in validation batch 1. Skipping.
2025-10-17 12:12:31,492 - scratch_vessel_pointmlp - INFO - Warning: No valid batches were processed during validation.
2025-10-17 12:12:31,506 - scratch_vessel_pointmlp - INFO - Save checkpoint at ./experiments/scratch_vessel_pointmlp/cfgs/vessel_622_training/ckpt-last.pth
2025-10-17 12:12:31,844 - scratch_vessel_pointmlp - INFO - Skipping batch 0 due to batch size <= 1 after GPU split.
2025-10-17 12:12:31,862 - scratch_vessel_pointmlp - INFO - Skipping batch 1 due to batch size <= 1 after GPU split.
2025-10-17 12:12:31,879 - scratch_vessel_pointmlp - INFO - Skipping batch 2 due to batch size <= 1 after GPU split.
2025-10-17 12:12:31,926 - scratch_vessel_pointmlp - INFO - [Training] EPOCH: 22 was skipped because all batches had a size of 1.
2025-10-17 12:12:32,283 - scratch_vessel_pointmlp - INFO - Warning: Shape mismatch in validation batch 0. Skipping.
2025-10-17 12:12:32,299 - scratch_vessel_pointmlp - INFO - Warning: Shape mismatch in validation batch 1. Skipping.
2025-10-17 12:12:32,349 - scratch_vessel_pointmlp - INFO - Warning: No valid batches were processed during validation.
2025-10-17 12:12:32,361 - scratch_vessel_pointmlp - INFO - Save checkpoint at ./experiments/scratch_vessel_pointmlp/cfgs/vessel_622_training/ckpt-last.pth
2025-10-17 12:12:32,723 - scratch_vessel_pointmlp - INFO - Skipping batch 0 due to batch size <= 1 after GPU split.
2025-10-17 12:12:32,741 - scratch_vessel_pointmlp - INFO - Skipping batch 1 due to batch size <= 1 after GPU split.
2025-10-17 12:12:32,758 - scratch_vessel_pointmlp - INFO - Skipping batch 2 due to batch size <= 1 after GPU split.
2025-10-17 12:12:32,834 - scratch_vessel_pointmlp - INFO - [Training] EPOCH: 23 was skipped because all batches had a size of 1.
2025-10-17 12:12:33,280 - scratch_vessel_pointmlp - INFO - Warning: Shape mismatch in validation batch 0. Skipping.
2025-10-17 12:12:33,296 - scratch_vessel_pointmlp - INFO - Warning: Shape mismatch in validation batch 1. Skipping.
2025-10-17 12:12:33,371 - scratch_vessel_pointmlp - INFO - Warning: No valid batches were processed during validation.
2025-10-17 12:12:33,381 - scratch_vessel_pointmlp - INFO - Save checkpoint at ./experiments/scratch_vessel_pointmlp/cfgs/vessel_622_training/ckpt-last.pth
2025-10-17 12:12:33,733 - scratch_vessel_pointmlp - INFO - Skipping batch 0 due to batch size <= 1 after GPU split.
2025-10-17 12:12:33,753 - scratch_vessel_pointmlp - INFO - Skipping batch 1 due to batch size <= 1 after GPU split.
2025-10-17 12:12:33,773 - scratch_vessel_pointmlp - INFO - Skipping batch 2 due to batch size <= 1 after GPU split.
2025-10-17 12:12:33,878 - scratch_vessel_pointmlp - INFO - [Training] EPOCH: 24 was skipped because all batches had a size of 1.
2025-10-17 12:12:34,332 - scratch_vessel_pointmlp - INFO - Warning: Shape mismatch in validation batch 0. Skipping.
2025-10-17 12:12:34,348 - scratch_vessel_pointmlp - INFO - Warning: Shape mismatch in validation batch 1. Skipping.
2025-10-17 12:12:34,421 - scratch_vessel_pointmlp - INFO - Warning: No valid batches were processed during validation.
2025-10-17 12:12:34,434 - scratch_vessel_pointmlp - INFO - Save checkpoint at ./experiments/scratch_vessel_pointmlp/cfgs/vessel_622_training/ckpt-last.pth
2025-10-17 12:12:34,768 - scratch_vessel_pointmlp - INFO - Skipping batch 0 due to batch size <= 1 after GPU split.
2025-10-17 12:12:34,786 - scratch_vessel_pointmlp - INFO - Skipping batch 1 due to batch size <= 1 after GPU split.
2025-10-17 12:12:34,804 - scratch_vessel_pointmlp - INFO - Skipping batch 2 due to batch size <= 1 after GPU split.
2025-10-17 12:12:34,845 - scratch_vessel_pointmlp - INFO - [Training] EPOCH: 25 was skipped because all batches had a size of 1.
2025-10-17 12:12:35,175 - scratch_vessel_pointmlp - INFO - Warning: Shape mismatch in validation batch 0. Skipping.
2025-10-17 12:12:35,191 - scratch_vessel_pointmlp - INFO - Warning: Shape mismatch in validation batch 1. Skipping.
2025-10-17 12:12:35,243 - scratch_vessel_pointmlp - INFO - Warning: No valid batches were processed during validation.
2025-10-17 12:12:35,251 - scratch_vessel_pointmlp - INFO - Save checkpoint at ./experiments/scratch_vessel_pointmlp/cfgs/vessel_622_training/ckpt-last.pth
2025-10-17 12:12:35,560 - scratch_vessel_pointmlp - INFO - Skipping batch 0 due to batch size <= 1 after GPU split.
2025-10-17 12:12:35,577 - scratch_vessel_pointmlp - INFO - Skipping batch 1 due to batch size <= 1 after GPU split.
2025-10-17 12:12:35,594 - scratch_vessel_pointmlp - INFO - Skipping batch 2 due to batch size <= 1 after GPU split.
2025-10-17 12:12:35,631 - scratch_vessel_pointmlp - INFO - [Training] EPOCH: 26 was skipped because all batches had a size of 1.
2025-10-17 12:12:36,047 - scratch_vessel_pointmlp - INFO - Warning: Shape mismatch in validation batch 0. Skipping.
2025-10-17 12:12:36,063 - scratch_vessel_pointmlp - INFO - Warning: Shape mismatch in validation batch 1. Skipping.
2025-10-17 12:12:36,139 - scratch_vessel_pointmlp - INFO - Warning: No valid batches were processed during validation.
2025-10-17 12:12:36,151 - scratch_vessel_pointmlp - INFO - Save checkpoint at ./experiments/scratch_vessel_pointmlp/cfgs/vessel_622_training/ckpt-last.pth
2025-10-17 12:12:36,535 - scratch_vessel_pointmlp - INFO - Skipping batch 0 due to batch size <= 1 after GPU split.
2025-10-17 12:12:36,552 - scratch_vessel_pointmlp - INFO - Skipping batch 1 due to batch size <= 1 after GPU split.
2025-10-17 12:12:36,570 - scratch_vessel_pointmlp - INFO - Skipping batch 2 due to batch size <= 1 after GPU split.
2025-10-17 12:12:36,611 - scratch_vessel_pointmlp - INFO - [Training] EPOCH: 27 was skipped because all batches had a size of 1.
2025-10-17 12:12:36,974 - scratch_vessel_pointmlp - INFO - Warning: Shape mismatch in validation batch 0. Skipping.
2025-10-17 12:12:36,990 - scratch_vessel_pointmlp - INFO - Warning: Shape mismatch in validation batch 1. Skipping.
2025-10-17 12:12:37,064 - scratch_vessel_pointmlp - INFO - Warning: No valid batches were processed during validation.
2025-10-17 12:12:37,076 - scratch_vessel_pointmlp - INFO - Save checkpoint at ./experiments/scratch_vessel_pointmlp/cfgs/vessel_622_training/ckpt-last.pth
2025-10-17 12:12:37,446 - scratch_vessel_pointmlp - INFO - Skipping batch 0 due to batch size <= 1 after GPU split.
2025-10-17 12:12:37,463 - scratch_vessel_pointmlp - INFO - Skipping batch 1 due to batch size <= 1 after GPU split.
2025-10-17 12:12:37,481 - scratch_vessel_pointmlp - INFO - Skipping batch 2 due to batch size <= 1 after GPU split.
2025-10-17 12:12:37,530 - scratch_vessel_pointmlp - INFO - [Training] EPOCH: 28 was skipped because all batches had a size of 1.
2025-10-17 12:12:37,820 - scratch_vessel_pointmlp - INFO - Warning: Shape mismatch in validation batch 0. Skipping.
2025-10-17 12:12:37,836 - scratch_vessel_pointmlp - INFO - Warning: Shape mismatch in validation batch 1. Skipping.
2025-10-17 12:12:37,882 - scratch_vessel_pointmlp - INFO - Warning: No valid batches were processed during validation.
2025-10-17 12:12:37,892 - scratch_vessel_pointmlp - INFO - Save checkpoint at ./experiments/scratch_vessel_pointmlp/cfgs/vessel_622_training/ckpt-last.pth
2025-10-17 12:12:38,196 - scratch_vessel_pointmlp - INFO - Skipping batch 0 due to batch size <= 1 after GPU split.
2025-10-17 12:12:38,213 - scratch_vessel_pointmlp - INFO - Skipping batch 1 due to batch size <= 1 after GPU split.
2025-10-17 12:12:38,231 - scratch_vessel_pointmlp - INFO - Skipping batch 2 due to batch size <= 1 after GPU split.
2025-10-17 12:12:38,275 - scratch_vessel_pointmlp - INFO - [Training] EPOCH: 29 was skipped because all batches had a size of 1.
2025-10-17 12:12:38,567 - scratch_vessel_pointmlp - INFO - Warning: Shape mismatch in validation batch 0. Skipping.
2025-10-17 12:12:38,583 - scratch_vessel_pointmlp - INFO - Warning: Shape mismatch in validation batch 1. Skipping.
2025-10-17 12:12:38,626 - scratch_vessel_pointmlp - INFO - Warning: No valid batches were processed during validation.
2025-10-17 12:12:38,634 - scratch_vessel_pointmlp - INFO - Save checkpoint at ./experiments/scratch_vessel_pointmlp/cfgs/vessel_622_training/ckpt-last.pth
2025-10-17 12:12:38,930 - scratch_vessel_pointmlp - INFO - Skipping batch 0 due to batch size <= 1 after GPU split.
2025-10-17 12:12:38,948 - scratch_vessel_pointmlp - INFO - Skipping batch 1 due to batch size <= 1 after GPU split.
2025-10-17 12:12:38,965 - scratch_vessel_pointmlp - INFO - Skipping batch 2 due to batch size <= 1 after GPU split.
2025-10-17 12:12:39,010 - scratch_vessel_pointmlp - INFO - [Training] EPOCH: 30 was skipped because all batches had a size of 1.
2025-10-17 12:12:39,294 - scratch_vessel_pointmlp - INFO - Warning: Shape mismatch in validation batch 0. Skipping.
2025-10-17 12:12:39,310 - scratch_vessel_pointmlp - INFO - Warning: Shape mismatch in validation batch 1. Skipping.
2025-10-17 12:12:39,358 - scratch_vessel_pointmlp - INFO - Warning: No valid batches were processed during validation.
2025-10-17 12:12:39,367 - scratch_vessel_pointmlp - INFO - Save checkpoint at ./experiments/scratch_vessel_pointmlp/cfgs/vessel_622_training/ckpt-last.pth
2025-10-17 12:12:39,677 - scratch_vessel_pointmlp - INFO - Skipping batch 0 due to batch size <= 1 after GPU split.
2025-10-17 12:12:39,694 - scratch_vessel_pointmlp - INFO - Skipping batch 1 due to batch size <= 1 after GPU split.
2025-10-17 12:12:39,712 - scratch_vessel_pointmlp - INFO - Skipping batch 2 due to batch size <= 1 after GPU split.
2025-10-17 12:12:39,750 - scratch_vessel_pointmlp - INFO - [Training] EPOCH: 31 was skipped because all batches had a size of 1.
2025-10-17 12:12:40,109 - scratch_vessel_pointmlp - INFO - Warning: Shape mismatch in validation batch 0. Skipping.
2025-10-17 12:12:40,126 - scratch_vessel_pointmlp - INFO - Warning: Shape mismatch in validation batch 1. Skipping.
2025-10-17 12:12:40,199 - scratch_vessel_pointmlp - INFO - Warning: No valid batches were processed during validation.
2025-10-17 12:12:40,210 - scratch_vessel_pointmlp - INFO - Save checkpoint at ./experiments/scratch_vessel_pointmlp/cfgs/vessel_622_training/ckpt-last.pth
2025-10-17 12:12:40,504 - scratch_vessel_pointmlp - INFO - Skipping batch 0 due to batch size <= 1 after GPU split.
2025-10-17 12:12:40,521 - scratch_vessel_pointmlp - INFO - Skipping batch 1 due to batch size <= 1 after GPU split.
2025-10-17 12:12:40,539 - scratch_vessel_pointmlp - INFO - Skipping batch 2 due to batch size <= 1 after GPU split.
2025-10-17 12:12:40,589 - scratch_vessel_pointmlp - INFO - [Training] EPOCH: 32 was skipped because all batches had a size of 1.
2025-10-17 12:12:40,904 - scratch_vessel_pointmlp - INFO - Warning: Shape mismatch in validation batch 0. Skipping.
2025-10-17 12:12:40,920 - scratch_vessel_pointmlp - INFO - Warning: Shape mismatch in validation batch 1. Skipping.
2025-10-17 12:12:40,980 - scratch_vessel_pointmlp - INFO - Warning: No valid batches were processed during validation.
2025-10-17 12:12:40,988 - scratch_vessel_pointmlp - INFO - Save checkpoint at ./experiments/scratch_vessel_pointmlp/cfgs/vessel_622_training/ckpt-last.pth
2025-10-17 12:12:41,333 - scratch_vessel_pointmlp - INFO - Skipping batch 0 due to batch size <= 1 after GPU split.
2025-10-17 12:12:41,352 - scratch_vessel_pointmlp - INFO - Skipping batch 1 due to batch size <= 1 after GPU split.
2025-10-17 12:12:41,371 - scratch_vessel_pointmlp - INFO - Skipping batch 2 due to batch size <= 1 after GPU split.
2025-10-17 12:12:41,456 - scratch_vessel_pointmlp - INFO - [Training] EPOCH: 33 was skipped because all batches had a size of 1.
2025-10-17 12:12:41,834 - scratch_vessel_pointmlp - INFO - Warning: Shape mismatch in validation batch 0. Skipping.
2025-10-17 12:12:41,850 - scratch_vessel_pointmlp - INFO - Warning: Shape mismatch in validation batch 1. Skipping.
2025-10-17 12:12:41,897 - scratch_vessel_pointmlp - INFO - Warning: No valid batches were processed during validation.
2025-10-17 12:12:41,905 - scratch_vessel_pointmlp - INFO - Save checkpoint at ./experiments/scratch_vessel_pointmlp/cfgs/vessel_622_training/ckpt-last.pth
2025-10-17 12:12:42,207 - scratch_vessel_pointmlp - INFO - Skipping batch 0 due to batch size <= 1 after GPU split.
2025-10-17 12:12:42,225 - scratch_vessel_pointmlp - INFO - Skipping batch 1 due to batch size <= 1 after GPU split.
2025-10-17 12:12:42,243 - scratch_vessel_pointmlp - INFO - Skipping batch 2 due to batch size <= 1 after GPU split.
2025-10-17 12:12:42,285 - scratch_vessel_pointmlp - INFO - [Training] EPOCH: 34 was skipped because all batches had a size of 1.
2025-10-17 12:12:42,582 - scratch_vessel_pointmlp - INFO - Warning: Shape mismatch in validation batch 0. Skipping.
2025-10-17 12:12:42,599 - scratch_vessel_pointmlp - INFO - Warning: Shape mismatch in validation batch 1. Skipping.
2025-10-17 12:12:42,641 - scratch_vessel_pointmlp - INFO - Warning: No valid batches were processed during validation.
2025-10-17 12:12:42,649 - scratch_vessel_pointmlp - INFO - Save checkpoint at ./experiments/scratch_vessel_pointmlp/cfgs/vessel_622_training/ckpt-last.pth
2025-10-17 12:12:42,971 - scratch_vessel_pointmlp - INFO - Skipping batch 0 due to batch size <= 1 after GPU split.
2025-10-17 12:12:42,990 - scratch_vessel_pointmlp - INFO - Skipping batch 1 due to batch size <= 1 after GPU split.
2025-10-17 12:12:43,007 - scratch_vessel_pointmlp - INFO - Skipping batch 2 due to batch size <= 1 after GPU split.
2025-10-17 12:12:43,049 - scratch_vessel_pointmlp - INFO - [Training] EPOCH: 35 was skipped because all batches had a size of 1.
2025-10-17 12:12:43,336 - scratch_vessel_pointmlp - INFO - Warning: Shape mismatch in validation batch 0. Skipping.
2025-10-17 12:12:43,352 - scratch_vessel_pointmlp - INFO - Warning: Shape mismatch in validation batch 1. Skipping.
2025-10-17 12:12:43,398 - scratch_vessel_pointmlp - INFO - Warning: No valid batches were processed during validation.
2025-10-17 12:12:43,406 - scratch_vessel_pointmlp - INFO - Save checkpoint at ./experiments/scratch_vessel_pointmlp/cfgs/vessel_622_training/ckpt-last.pth
2025-10-17 12:12:43,730 - scratch_vessel_pointmlp - INFO - Skipping batch 0 due to batch size <= 1 after GPU split.
2025-10-17 12:12:43,748 - scratch_vessel_pointmlp - INFO - Skipping batch 1 due to batch size <= 1 after GPU split.
2025-10-17 12:12:43,765 - scratch_vessel_pointmlp - INFO - Skipping batch 2 due to batch size <= 1 after GPU split.
2025-10-17 12:12:43,804 - scratch_vessel_pointmlp - INFO - [Training] EPOCH: 36 was skipped because all batches had a size of 1.
2025-10-17 12:12:44,101 - scratch_vessel_pointmlp - INFO - Warning: Shape mismatch in validation batch 0. Skipping.
2025-10-17 12:12:44,118 - scratch_vessel_pointmlp - INFO - Warning: Shape mismatch in validation batch 1. Skipping.
2025-10-17 12:12:44,199 - scratch_vessel_pointmlp - INFO - Warning: No valid batches were processed during validation.
2025-10-17 12:12:44,215 - scratch_vessel_pointmlp - INFO - Save checkpoint at ./experiments/scratch_vessel_pointmlp/cfgs/vessel_622_training/ckpt-last.pth
2025-10-17 12:12:44,612 - scratch_vessel_pointmlp - INFO - Skipping batch 0 due to batch size <= 1 after GPU split.
2025-10-17 12:12:44,630 - scratch_vessel_pointmlp - INFO - Skipping batch 1 due to batch size <= 1 after GPU split.
2025-10-17 12:12:44,648 - scratch_vessel_pointmlp - INFO - Skipping batch 2 due to batch size <= 1 after GPU split.
2025-10-17 12:12:44,687 - scratch_vessel_pointmlp - INFO - [Training] EPOCH: 37 was skipped because all batches had a size of 1.
2025-10-17 12:12:44,979 - scratch_vessel_pointmlp - INFO - Warning: Shape mismatch in validation batch 0. Skipping.
2025-10-17 12:12:44,996 - scratch_vessel_pointmlp - INFO - Warning: Shape mismatch in validation batch 1. Skipping.
2025-10-17 12:12:45,037 - scratch_vessel_pointmlp - INFO - Warning: No valid batches were processed during validation.
2025-10-17 12:12:45,045 - scratch_vessel_pointmlp - INFO - Save checkpoint at ./experiments/scratch_vessel_pointmlp/cfgs/vessel_622_training/ckpt-last.pth
