2025-10-17 11:59:49,453 - scratch_vessel_pointmlp - INFO - Copy the Config file from cfgs/scratch_vessel_pointmlp.yaml to ./experiments/scratch_vessel_pointmlp/cfgs/vessel_622_training/config.yaml
2025-10-17 11:59:49,453 - scratch_vessel_pointmlp - INFO - args.config : cfgs/scratch_vessel_pointmlp.yaml
2025-10-17 11:59:49,453 - scratch_vessel_pointmlp - INFO - args.launcher : none
2025-10-17 11:59:49,453 - scratch_vessel_pointmlp - INFO - args.local_rank : 0
2025-10-17 11:59:49,453 - scratch_vessel_pointmlp - INFO - args.num_workers : 8
2025-10-17 11:59:49,453 - scratch_vessel_pointmlp - INFO - args.seed : 0
2025-10-17 11:59:49,453 - scratch_vessel_pointmlp - INFO - args.deterministic : False
2025-10-17 11:59:49,453 - scratch_vessel_pointmlp - INFO - args.sync_bn : False
2025-10-17 11:59:49,453 - scratch_vessel_pointmlp - INFO - args.exp_name : vessel_622_training
2025-10-17 11:59:49,453 - scratch_vessel_pointmlp - INFO - args.loss : cd1
2025-10-17 11:59:49,453 - scratch_vessel_pointmlp - INFO - args.start_ckpts : None
2025-10-17 11:59:49,454 - scratch_vessel_pointmlp - INFO - args.ckpts : None
2025-10-17 11:59:49,454 - scratch_vessel_pointmlp - INFO - args.val_freq : 1
2025-10-17 11:59:49,454 - scratch_vessel_pointmlp - INFO - args.vote : False
2025-10-17 11:59:49,454 - scratch_vessel_pointmlp - INFO - args.resume : False
2025-10-17 11:59:49,454 - scratch_vessel_pointmlp - INFO - args.test : False
2025-10-17 11:59:49,454 - scratch_vessel_pointmlp - INFO - args.finetune_model : False
2025-10-17 11:59:49,454 - scratch_vessel_pointmlp - INFO - args.scratch_model : True
2025-10-17 11:59:49,454 - scratch_vessel_pointmlp - INFO - args.mode : None
2025-10-17 11:59:49,454 - scratch_vessel_pointmlp - INFO - args.way : -1
2025-10-17 11:59:49,454 - scratch_vessel_pointmlp - INFO - args.shot : -1
2025-10-17 11:59:49,454 - scratch_vessel_pointmlp - INFO - args.fold : -1
2025-10-17 11:59:49,454 - scratch_vessel_pointmlp - INFO - args.experiment_path : ./experiments/scratch_vessel_pointmlp/cfgs/vessel_622_training
2025-10-17 11:59:49,454 - scratch_vessel_pointmlp - INFO - args.tfboard_path : ./experiments/scratch_vessel_pointmlp/cfgs/TFBoard/vessel_622_training
2025-10-17 11:59:49,454 - scratch_vessel_pointmlp - INFO - args.log_name : scratch_vessel_pointmlp
2025-10-17 11:59:49,454 - scratch_vessel_pointmlp - INFO - args.use_gpu : True
2025-10-17 11:59:49,454 - scratch_vessel_pointmlp - INFO - args.distributed : False
2025-10-17 11:59:49,454 - scratch_vessel_pointmlp - INFO - config.optimizer = edict()
2025-10-17 11:59:49,454 - scratch_vessel_pointmlp - INFO - config.optimizer.type : AdamW
2025-10-17 11:59:49,454 - scratch_vessel_pointmlp - INFO - config.optimizer.kwargs = edict()
2025-10-17 11:59:49,454 - scratch_vessel_pointmlp - INFO - config.optimizer.kwargs.lr : 0.001
2025-10-17 11:59:49,454 - scratch_vessel_pointmlp - INFO - config.optimizer.kwargs.weight_decay : 0.05
2025-10-17 11:59:49,454 - scratch_vessel_pointmlp - INFO - config.scheduler = edict()
2025-10-17 11:59:49,454 - scratch_vessel_pointmlp - INFO - config.scheduler.type : CosLR
2025-10-17 11:59:49,454 - scratch_vessel_pointmlp - INFO - config.scheduler.kwargs = edict()
2025-10-17 11:59:49,454 - scratch_vessel_pointmlp - INFO - config.scheduler.kwargs.epochs : 250
2025-10-17 11:59:49,454 - scratch_vessel_pointmlp - INFO - config.scheduler.kwargs.initial_epochs : 10
2025-10-17 11:59:49,454 - scratch_vessel_pointmlp - INFO - config.dataset = edict()
2025-10-17 11:59:49,454 - scratch_vessel_pointmlp - INFO - config.dataset.train = edict()
2025-10-17 11:59:49,454 - scratch_vessel_pointmlp - INFO - config.dataset.train._base_ = edict()
2025-10-17 11:59:49,454 - scratch_vessel_pointmlp - INFO - config.dataset.train._base_.NAME : Vessel
2025-10-17 11:59:49,454 - scratch_vessel_pointmlp - INFO - config.dataset.train._base_.DATA_PATH : data/Vessel
2025-10-17 11:59:49,454 - scratch_vessel_pointmlp - INFO - config.dataset.train._base_.N_POINTS : 8192
2025-10-17 11:59:49,454 - scratch_vessel_pointmlp - INFO - config.dataset.train._base_.PC_PATH : data/Vessel/vessel_pc
2025-10-17 11:59:49,454 - scratch_vessel_pointmlp - INFO - config.dataset.train.others = edict()
2025-10-17 11:59:49,454 - scratch_vessel_pointmlp - INFO - config.dataset.train.others.subset : train
2025-10-17 11:59:49,454 - scratch_vessel_pointmlp - INFO - config.dataset.train.others.split_file : pretrain.txt
2025-10-17 11:59:49,454 - scratch_vessel_pointmlp - INFO - config.dataset.train.others.bs : 32
2025-10-17 11:59:49,454 - scratch_vessel_pointmlp - INFO - config.dataset.val = edict()
2025-10-17 11:59:49,454 - scratch_vessel_pointmlp - INFO - config.dataset.val._base_ = edict()
2025-10-17 11:59:49,454 - scratch_vessel_pointmlp - INFO - config.dataset.val._base_.NAME : Vessel
2025-10-17 11:59:49,454 - scratch_vessel_pointmlp - INFO - config.dataset.val._base_.DATA_PATH : data/Vessel
2025-10-17 11:59:49,454 - scratch_vessel_pointmlp - INFO - config.dataset.val._base_.N_POINTS : 8192
2025-10-17 11:59:49,454 - scratch_vessel_pointmlp - INFO - config.dataset.val._base_.PC_PATH : data/Vessel/vessel_pc
2025-10-17 11:59:49,454 - scratch_vessel_pointmlp - INFO - config.dataset.val.others = edict()
2025-10-17 11:59:49,454 - scratch_vessel_pointmlp - INFO - config.dataset.val.others.subset : test
2025-10-17 11:59:49,454 - scratch_vessel_pointmlp - INFO - config.dataset.val.others.split_file : finetune_train.txt
2025-10-17 11:59:49,454 - scratch_vessel_pointmlp - INFO - config.dataset.val.others.bs : 64
2025-10-17 11:59:49,454 - scratch_vessel_pointmlp - INFO - config.dataset.test = edict()
2025-10-17 11:59:49,454 - scratch_vessel_pointmlp - INFO - config.dataset.test._base_ = edict()
2025-10-17 11:59:49,454 - scratch_vessel_pointmlp - INFO - config.dataset.test._base_.NAME : Vessel
2025-10-17 11:59:49,454 - scratch_vessel_pointmlp - INFO - config.dataset.test._base_.DATA_PATH : data/Vessel
2025-10-17 11:59:49,454 - scratch_vessel_pointmlp - INFO - config.dataset.test._base_.N_POINTS : 8192
2025-10-17 11:59:49,454 - scratch_vessel_pointmlp - INFO - config.dataset.test._base_.PC_PATH : data/Vessel/vessel_pc
2025-10-17 11:59:49,454 - scratch_vessel_pointmlp - INFO - config.dataset.test.others = edict()
2025-10-17 11:59:49,454 - scratch_vessel_pointmlp - INFO - config.dataset.test.others.subset : test
2025-10-17 11:59:49,454 - scratch_vessel_pointmlp - INFO - config.dataset.test.others.split_file : finetune_test.txt
2025-10-17 11:59:49,455 - scratch_vessel_pointmlp - INFO - config.dataset.test.others.bs : 32
2025-10-17 11:59:49,455 - scratch_vessel_pointmlp - INFO - config.model = edict()
2025-10-17 11:59:49,455 - scratch_vessel_pointmlp - INFO - config.model.NAME : PointMLP
2025-10-17 11:59:49,455 - scratch_vessel_pointmlp - INFO - config.model.cls_dim : 700
2025-10-17 11:59:49,455 - scratch_vessel_pointmlp - INFO - config.npoints : 1024
2025-10-17 11:59:49,455 - scratch_vessel_pointmlp - INFO - config.total_bs : 32
2025-10-17 11:59:49,455 - scratch_vessel_pointmlp - INFO - config.step_per_update : 1
2025-10-17 11:59:49,455 - scratch_vessel_pointmlp - INFO - config.max_epoch : 250
2025-10-17 11:59:49,455 - scratch_vessel_pointmlp - INFO - config.grad_norm_clip : 10
2025-10-17 11:59:49,455 - scratch_vessel_pointmlp - INFO - Distributed training: False
2025-10-17 11:59:49,455 - scratch_vessel_pointmlp - INFO - Set random seed to 0, deterministic: False
2025-10-17 11:59:49,462 - scratch_vessel_pointmlp - INFO - Training from scratch
2025-10-17 11:59:50,405 - scratch_vessel_pointmlp - INFO - Using Data parallel ...
2025-10-17 11:59:50,583 - scratch_vessel_pointmlp - INFO - Skipping batch 0 due to batch size <= 1 after GPU split.
2025-10-17 11:59:50,595 - scratch_vessel_pointmlp - INFO - Skipping batch 1 due to batch size <= 1 after GPU split.
2025-10-17 11:59:50,615 - scratch_vessel_pointmlp - INFO - Skipping batch 2 due to batch size <= 1 after GPU split.
2025-10-17 11:59:50,624 - scratch_vessel_pointmlp - INFO - Skipping batch 3 due to batch size <= 1 after GPU split.
2025-10-17 11:59:50,634 - scratch_vessel_pointmlp - INFO - Skipping batch 4 due to batch size <= 1 after GPU split.
2025-10-17 11:59:50,643 - scratch_vessel_pointmlp - INFO - Skipping batch 5 due to batch size <= 1 after GPU split.
2025-10-17 11:59:50,652 - scratch_vessel_pointmlp - INFO - Skipping batch 6 due to batch size <= 1 after GPU split.
2025-10-17 11:59:50,661 - scratch_vessel_pointmlp - INFO - Skipping batch 7 due to batch size <= 1 after GPU split.
2025-10-17 11:59:50,670 - scratch_vessel_pointmlp - INFO - Skipping batch 8 due to batch size <= 1 after GPU split.
2025-10-17 11:59:50,679 - scratch_vessel_pointmlp - INFO - Skipping batch 9 due to batch size <= 1 after GPU split.
2025-10-17 11:59:50,688 - scratch_vessel_pointmlp - INFO - Skipping batch 10 due to batch size <= 1 after GPU split.
2025-10-17 11:59:50,696 - scratch_vessel_pointmlp - INFO - Skipping batch 11 due to batch size <= 1 after GPU split.
2025-10-17 11:59:50,705 - scratch_vessel_pointmlp - INFO - Skipping batch 12 due to batch size <= 1 after GPU split.
2025-10-17 11:59:50,714 - scratch_vessel_pointmlp - INFO - Skipping batch 13 due to batch size <= 1 after GPU split.
