2025-10-16 12:34:21,718 - pretrain_vessel_Point_M2AE - INFO - Copy the Config file from cfgs/pretrain_vessel_Point_M2AE.yaml to ./experiments/pretrain_vessel_Point_M2AE/cfgs/pretrain_vessel_run_3/config.yaml
2025-10-16 12:34:21,718 - pretrain_vessel_Point_M2AE - INFO - args.config : cfgs/pretrain_vessel_Point_M2AE.yaml
2025-10-16 12:34:21,718 - pretrain_vessel_Point_M2AE - INFO - args.launcher : none
2025-10-16 12:34:21,718 - pretrain_vessel_Point_M2AE - INFO - args.local_rank : 0
2025-10-16 12:34:21,718 - pretrain_vessel_Point_M2AE - INFO - args.num_workers : 8
2025-10-16 12:34:21,718 - pretrain_vessel_Point_M2AE - INFO - args.seed : 0
2025-10-16 12:34:21,718 - pretrain_vessel_Point_M2AE - INFO - args.deterministic : False
2025-10-16 12:34:21,718 - pretrain_vessel_Point_M2AE - INFO - args.sync_bn : False
2025-10-16 12:34:21,718 - pretrain_vessel_Point_M2AE - INFO - args.exp_name : pretrain_vessel_run_3
2025-10-16 12:34:21,718 - pretrain_vessel_Point_M2AE - INFO - args.loss : cd1
2025-10-16 12:34:21,718 - pretrain_vessel_Point_M2AE - INFO - args.start_ckpts : None
2025-10-16 12:34:21,718 - pretrain_vessel_Point_M2AE - INFO - args.ckpts : None
2025-10-16 12:34:21,718 - pretrain_vessel_Point_M2AE - INFO - args.val_freq : 1
2025-10-16 12:34:21,718 - pretrain_vessel_Point_M2AE - INFO - args.vote : False
2025-10-16 12:34:21,718 - pretrain_vessel_Point_M2AE - INFO - args.resume : False
2025-10-16 12:34:21,718 - pretrain_vessel_Point_M2AE - INFO - args.test : False
2025-10-16 12:34:21,718 - pretrain_vessel_Point_M2AE - INFO - args.finetune_model : False
2025-10-16 12:34:21,719 - pretrain_vessel_Point_M2AE - INFO - args.scratch_model : False
2025-10-16 12:34:21,719 - pretrain_vessel_Point_M2AE - INFO - args.mode : None
2025-10-16 12:34:21,719 - pretrain_vessel_Point_M2AE - INFO - args.way : -1
2025-10-16 12:34:21,719 - pretrain_vessel_Point_M2AE - INFO - args.shot : -1
2025-10-16 12:34:21,719 - pretrain_vessel_Point_M2AE - INFO - args.fold : -1
2025-10-16 12:34:21,719 - pretrain_vessel_Point_M2AE - INFO - args.experiment_path : ./experiments/pretrain_vessel_Point_M2AE/cfgs/pretrain_vessel_run_3
2025-10-16 12:34:21,719 - pretrain_vessel_Point_M2AE - INFO - args.tfboard_path : ./experiments/pretrain_vessel_Point_M2AE/cfgs/TFBoard/pretrain_vessel_run_3
2025-10-16 12:34:21,719 - pretrain_vessel_Point_M2AE - INFO - args.log_name : pretrain_vessel_Point_M2AE
2025-10-16 12:34:21,719 - pretrain_vessel_Point_M2AE - INFO - args.use_gpu : True
2025-10-16 12:34:21,719 - pretrain_vessel_Point_M2AE - INFO - args.distributed : False
2025-10-16 12:34:21,719 - pretrain_vessel_Point_M2AE - INFO - config.optimizer = edict()
2025-10-16 12:34:21,719 - pretrain_vessel_Point_M2AE - INFO - config.optimizer.type : AdamW
2025-10-16 12:34:21,719 - pretrain_vessel_Point_M2AE - INFO - config.optimizer.kwargs = edict()
2025-10-16 12:34:21,719 - pretrain_vessel_Point_M2AE - INFO - config.optimizer.kwargs.lr : 0.0005
2025-10-16 12:34:21,719 - pretrain_vessel_Point_M2AE - INFO - config.optimizer.kwargs.weight_decay : 0.05
2025-10-16 12:34:21,719 - pretrain_vessel_Point_M2AE - INFO - config.scheduler = edict()
2025-10-16 12:34:21,719 - pretrain_vessel_Point_M2AE - INFO - config.scheduler.type : CosLR
2025-10-16 12:34:21,719 - pretrain_vessel_Point_M2AE - INFO - config.scheduler.kwargs = edict()
2025-10-16 12:34:21,719 - pretrain_vessel_Point_M2AE - INFO - config.scheduler.kwargs.epochs : 300
2025-10-16 12:34:21,719 - pretrain_vessel_Point_M2AE - INFO - config.scheduler.kwargs.initial_epochs : 10
2025-10-16 12:34:21,719 - pretrain_vessel_Point_M2AE - INFO - config.dataset = edict()
2025-10-16 12:34:21,719 - pretrain_vessel_Point_M2AE - INFO - config.dataset.train = edict()
2025-10-16 12:34:21,719 - pretrain_vessel_Point_M2AE - INFO - config.dataset.train._base_ = edict()
2025-10-16 12:34:21,719 - pretrain_vessel_Point_M2AE - INFO - config.dataset.train._base_.NAME : Vessel
2025-10-16 12:34:21,719 - pretrain_vessel_Point_M2AE - INFO - config.dataset.train._base_.DATA_PATH : data/Vessel
2025-10-16 12:34:21,719 - pretrain_vessel_Point_M2AE - INFO - config.dataset.train._base_.N_POINTS : 8192
2025-10-16 12:34:21,719 - pretrain_vessel_Point_M2AE - INFO - config.dataset.train._base_.PC_PATH : data/Vessel/vessel_pc
2025-10-16 12:34:21,719 - pretrain_vessel_Point_M2AE - INFO - config.dataset.train.others = edict()
2025-10-16 12:34:21,719 - pretrain_vessel_Point_M2AE - INFO - config.dataset.train.others.subset : train
2025-10-16 12:34:21,719 - pretrain_vessel_Point_M2AE - INFO - config.dataset.train.others.HPR_POINTS : 2458
2025-10-16 12:34:21,719 - pretrain_vessel_Point_M2AE - INFO - config.dataset.train.others.bs : 32
2025-10-16 12:34:21,719 - pretrain_vessel_Point_M2AE - INFO - config.dataset.val = edict()
2025-10-16 12:34:21,719 - pretrain_vessel_Point_M2AE - INFO - config.dataset.val._base_ = edict()
2025-10-16 12:34:21,719 - pretrain_vessel_Point_M2AE - INFO - config.dataset.val._base_.NAME : Vessel
2025-10-16 12:34:21,719 - pretrain_vessel_Point_M2AE - INFO - config.dataset.val._base_.DATA_PATH : data/Vessel
2025-10-16 12:34:21,719 - pretrain_vessel_Point_M2AE - INFO - config.dataset.val._base_.N_POINTS : 8192
2025-10-16 12:34:21,719 - pretrain_vessel_Point_M2AE - INFO - config.dataset.val._base_.PC_PATH : data/Vessel/vessel_pc
2025-10-16 12:34:21,719 - pretrain_vessel_Point_M2AE - INFO - config.dataset.val.others = edict()
2025-10-16 12:34:21,719 - pretrain_vessel_Point_M2AE - INFO - config.dataset.val.others.subset : test
2025-10-16 12:34:21,719 - pretrain_vessel_Point_M2AE - INFO - config.dataset.val.others.HPR_POINTS : 2458
2025-10-16 12:34:21,719 - pretrain_vessel_Point_M2AE - INFO - config.dataset.val.others.bs : 64
2025-10-16 12:34:21,719 - pretrain_vessel_Point_M2AE - INFO - config.model = edict()
2025-10-16 12:34:21,719 - pretrain_vessel_Point_M2AE - INFO - config.model.NAME : Point_M2AE
2025-10-16 12:34:21,719 - pretrain_vessel_Point_M2AE - INFO - config.model.mask_ratio : 0.6
2025-10-16 12:34:21,719 - pretrain_vessel_Point_M2AE - INFO - config.model.group_sizes : [32, 64, 128]
2025-10-16 12:34:21,719 - pretrain_vessel_Point_M2AE - INFO - config.model.num_groups : [256, 128, 64]
2025-10-16 12:34:21,719 - pretrain_vessel_Point_M2AE - INFO - config.model.encoder_depths : [2, 2, 8]
2025-10-16 12:34:21,719 - pretrain_vessel_Point_M2AE - INFO - config.model.encoder_dims : [96, 192, 384]
2025-10-16 12:34:21,719 - pretrain_vessel_Point_M2AE - INFO - config.model.decoder_depths : [2, 2, 2]
2025-10-16 12:34:21,719 - pretrain_vessel_Point_M2AE - INFO - config.model.decoder_dims : [384, 192, 96]
2025-10-16 12:34:21,719 - pretrain_vessel_Point_M2AE - INFO - config.model.decoder_up_blocks : [1, 1]
2025-10-16 12:34:21,719 - pretrain_vessel_Point_M2AE - INFO - config.model.num_heads : 6
2025-10-16 12:34:21,719 - pretrain_vessel_Point_M2AE - INFO - config.model.drop_path_rate : 0.1
2025-10-16 12:34:21,719 - pretrain_vessel_Point_M2AE - INFO - config.model.local_radius : [0, 0, 0]
2025-10-16 12:34:21,719 - pretrain_vessel_Point_M2AE - INFO - config.total_bs : 32
2025-10-16 12:34:21,719 - pretrain_vessel_Point_M2AE - INFO - config.step_per_update : 1
2025-10-16 12:34:21,720 - pretrain_vessel_Point_M2AE - INFO - config.max_epoch : 300
2025-10-16 12:34:21,720 - pretrain_vessel_Point_M2AE - INFO - Distributed training: False
2025-10-16 12:34:21,720 - pretrain_vessel_Point_M2AE - INFO - Set random seed to 0, deterministic: False
2025-10-16 12:34:23,224 - pretrain_vessel_Point_M2AE - INFO - Using Data parallel ...
2025-10-16 12:34:28,040 - pretrain_vessel_Point_M2AE - INFO - [Epoch 0/300][Batch 1/19] BatchTime = 4.810 (s) DataTime = 0.975 (s) Losses = ['1254.9894'] lr = 0.000001
2025-10-16 12:34:48,404 - pretrain_vessel_Point_M2AE - INFO - [Training] EPOCH: 0 EpochTime = 25.174 (s) Losses = ['1203.9621'] lr = 0.000001
2025-10-16 12:34:48,681 - pretrain_vessel_Point_M2AE - INFO - Save checkpoint at ./experiments/pretrain_vessel_Point_M2AE/cfgs/pretrain_vessel_run_3/ckpt-last.pth
2025-10-16 12:34:50,426 - pretrain_vessel_Point_M2AE - INFO - [Epoch 1/300][Batch 1/19] BatchTime = 1.744 (s) DataTime = 0.632 (s) Losses = ['1155.7835'] lr = 0.000001
2025-10-16 12:35:10,556 - pretrain_vessel_Point_M2AE - INFO - [Training] EPOCH: 1 EpochTime = 21.873 (s) Losses = ['1146.2822'] lr = 0.000051
2025-10-16 12:35:10,937 - pretrain_vessel_Point_M2AE - INFO - Save checkpoint at ./experiments/pretrain_vessel_Point_M2AE/cfgs/pretrain_vessel_run_3/ckpt-last.pth
2025-10-16 12:35:12,684 - pretrain_vessel_Point_M2AE - INFO - [Epoch 2/300][Batch 1/19] BatchTime = 1.746 (s) DataTime = 0.636 (s) Losses = ['1131.5501'] lr = 0.000051
2025-10-16 12:35:32,696 - pretrain_vessel_Point_M2AE - INFO - [Training] EPOCH: 2 EpochTime = 21.757 (s) Losses = ['687.8222'] lr = 0.000101
2025-10-16 12:35:33,109 - pretrain_vessel_Point_M2AE - INFO - Save checkpoint at ./experiments/pretrain_vessel_Point_M2AE/cfgs/pretrain_vessel_run_3/ckpt-last.pth
2025-10-16 12:35:34,899 - pretrain_vessel_Point_M2AE - INFO - [Epoch 3/300][Batch 1/19] BatchTime = 1.789 (s) DataTime = 0.682 (s) Losses = ['425.3079'] lr = 0.000101
2025-10-16 12:35:55,011 - pretrain_vessel_Point_M2AE - INFO - [Training] EPOCH: 3 EpochTime = 21.901 (s) Losses = ['248.3572'] lr = 0.000151
2025-10-16 12:35:55,489 - pretrain_vessel_Point_M2AE - INFO - Save checkpoint at ./experiments/pretrain_vessel_Point_M2AE/cfgs/pretrain_vessel_run_3/ckpt-last.pth
2025-10-16 12:35:57,331 - pretrain_vessel_Point_M2AE - INFO - [Epoch 4/300][Batch 1/19] BatchTime = 1.841 (s) DataTime = 0.724 (s) Losses = ['171.0914'] lr = 0.000151
2025-10-16 12:36:17,699 - pretrain_vessel_Point_M2AE - INFO - [Training] EPOCH: 4 EpochTime = 22.209 (s) Losses = ['82.1076'] lr = 0.000201
2025-10-16 12:36:18,490 - pretrain_vessel_Point_M2AE - INFO - Save checkpoint at ./experiments/pretrain_vessel_Point_M2AE/cfgs/pretrain_vessel_run_3/ckpt-last.pth
2025-10-16 12:36:20,516 - pretrain_vessel_Point_M2AE - INFO - [Epoch 5/300][Batch 1/19] BatchTime = 2.024 (s) DataTime = 0.864 (s) Losses = ['49.6401'] lr = 0.000201
2025-10-16 12:36:40,733 - pretrain_vessel_Point_M2AE - INFO - [Training] EPOCH: 5 EpochTime = 22.242 (s) Losses = ['33.7571'] lr = 0.000251
2025-10-16 12:36:41,139 - pretrain_vessel_Point_M2AE - INFO - Save checkpoint at ./experiments/pretrain_vessel_Point_M2AE/cfgs/pretrain_vessel_run_3/ckpt-last.pth
2025-10-16 12:36:42,973 - pretrain_vessel_Point_M2AE - INFO - [Epoch 6/300][Batch 1/19] BatchTime = 1.832 (s) DataTime = 0.687 (s) Losses = ['25.5942'] lr = 0.000251
2025-10-16 12:37:03,148 - pretrain_vessel_Point_M2AE - INFO - [Training] EPOCH: 6 EpochTime = 22.007 (s) Losses = ['17.0826'] lr = 0.000300
2025-10-16 12:37:03,712 - pretrain_vessel_Point_M2AE - INFO - Save checkpoint at ./experiments/pretrain_vessel_Point_M2AE/cfgs/pretrain_vessel_run_3/ckpt-last.pth
2025-10-16 12:37:05,625 - pretrain_vessel_Point_M2AE - INFO - [Epoch 7/300][Batch 1/19] BatchTime = 1.911 (s) DataTime = 0.723 (s) Losses = ['8.7798'] lr = 0.000300
2025-10-16 12:37:25,861 - pretrain_vessel_Point_M2AE - INFO - [Training] EPOCH: 7 EpochTime = 22.146 (s) Losses = ['11.2850'] lr = 0.000350
2025-10-16 12:37:26,248 - pretrain_vessel_Point_M2AE - INFO - Save checkpoint at ./experiments/pretrain_vessel_Point_M2AE/cfgs/pretrain_vessel_run_3/ckpt-last.pth
2025-10-16 12:37:28,034 - pretrain_vessel_Point_M2AE - INFO - [Epoch 8/300][Batch 1/19] BatchTime = 1.785 (s) DataTime = 0.664 (s) Losses = ['8.8432'] lr = 0.000350
2025-10-16 12:37:48,356 - pretrain_vessel_Point_M2AE - INFO - [Training] EPOCH: 8 EpochTime = 22.106 (s) Losses = ['12.9743'] lr = 0.000400
2025-10-16 12:37:48,834 - pretrain_vessel_Point_M2AE - INFO - Save checkpoint at ./experiments/pretrain_vessel_Point_M2AE/cfgs/pretrain_vessel_run_3/ckpt-last.pth
2025-10-16 12:37:50,666 - pretrain_vessel_Point_M2AE - INFO - [Epoch 9/300][Batch 1/19] BatchTime = 1.830 (s) DataTime = 0.668 (s) Losses = ['5.6764'] lr = 0.000400
2025-10-16 12:38:10,855 - pretrain_vessel_Point_M2AE - INFO - [Training] EPOCH: 9 EpochTime = 22.019 (s) Losses = ['6.6095'] lr = 0.000450
2025-10-16 12:38:11,242 - pretrain_vessel_Point_M2AE - INFO - Save checkpoint at ./experiments/pretrain_vessel_Point_M2AE/cfgs/pretrain_vessel_run_3/ckpt-last.pth
2025-10-16 12:38:13,029 - pretrain_vessel_Point_M2AE - INFO - [Epoch 10/300][Batch 1/19] BatchTime = 1.784 (s) DataTime = 0.666 (s) Losses = ['5.1390'] lr = 0.000450
2025-10-16 12:38:33,352 - pretrain_vessel_Point_M2AE - INFO - [Training] EPOCH: 10 EpochTime = 22.107 (s) Losses = ['6.3645'] lr = 0.000499
2025-10-16 12:38:34,136 - pretrain_vessel_Point_M2AE - INFO - Save checkpoint at ./experiments/pretrain_vessel_Point_M2AE/cfgs/pretrain_vessel_run_3/ckpt-last.pth
2025-10-16 12:38:36,644 - pretrain_vessel_Point_M2AE - INFO - [Epoch 11/300][Batch 1/19] BatchTime = 2.505 (s) DataTime = 1.339 (s) Losses = ['8.1674'] lr = 0.000499
2025-10-16 12:38:57,043 - pretrain_vessel_Point_M2AE - INFO - [Training] EPOCH: 11 EpochTime = 22.905 (s) Losses = ['5.6741'] lr = 0.000498
2025-10-16 12:38:57,437 - pretrain_vessel_Point_M2AE - INFO - Save checkpoint at ./experiments/pretrain_vessel_Point_M2AE/cfgs/pretrain_vessel_run_3/ckpt-last.pth
2025-10-16 12:38:59,194 - pretrain_vessel_Point_M2AE - INFO - [Epoch 12/300][Batch 1/19] BatchTime = 1.757 (s) DataTime = 0.637 (s) Losses = ['2.4903'] lr = 0.000498
2025-10-16 12:39:19,402 - pretrain_vessel_Point_M2AE - INFO - [Training] EPOCH: 12 EpochTime = 21.964 (s) Losses = ['5.5776'] lr = 0.000498
2025-10-16 12:39:19,788 - pretrain_vessel_Point_M2AE - INFO - Save checkpoint at ./experiments/pretrain_vessel_Point_M2AE/cfgs/pretrain_vessel_run_3/ckpt-last.pth
2025-10-16 12:39:21,529 - pretrain_vessel_Point_M2AE - INFO - [Epoch 13/300][Batch 1/19] BatchTime = 1.740 (s) DataTime = 0.619 (s) Losses = ['5.3150'] lr = 0.000498
2025-10-16 12:39:41,748 - pretrain_vessel_Point_M2AE - INFO - [Training] EPOCH: 13 EpochTime = 21.959 (s) Losses = ['8.3578'] lr = 0.000498
2025-10-16 12:39:42,137 - pretrain_vessel_Point_M2AE - INFO - Save checkpoint at ./experiments/pretrain_vessel_Point_M2AE/cfgs/pretrain_vessel_run_3/ckpt-last.pth
2025-10-16 12:39:43,866 - pretrain_vessel_Point_M2AE - INFO - [Epoch 14/300][Batch 1/19] BatchTime = 1.726 (s) DataTime = 0.607 (s) Losses = ['4.5099'] lr = 0.000498
2025-10-16 12:40:04,086 - pretrain_vessel_Point_M2AE - INFO - [Training] EPOCH: 14 EpochTime = 21.946 (s) Losses = ['3.4527'] lr = 0.000497
2025-10-16 12:40:04,472 - pretrain_vessel_Point_M2AE - INFO - Save checkpoint at ./experiments/pretrain_vessel_Point_M2AE/cfgs/pretrain_vessel_run_3/ckpt-last.pth
2025-10-16 12:40:06,207 - pretrain_vessel_Point_M2AE - INFO - [Epoch 15/300][Batch 1/19] BatchTime = 1.735 (s) DataTime = 0.610 (s) Losses = ['2.5778'] lr = 0.000497
2025-10-16 12:40:26,413 - pretrain_vessel_Point_M2AE - INFO - [Training] EPOCH: 15 EpochTime = 21.940 (s) Losses = ['2.6069'] lr = 0.000497
2025-10-16 12:40:26,801 - pretrain_vessel_Point_M2AE - INFO - Save checkpoint at ./experiments/pretrain_vessel_Point_M2AE/cfgs/pretrain_vessel_run_3/ckpt-last.pth
2025-10-16 12:40:28,565 - pretrain_vessel_Point_M2AE - INFO - [Epoch 16/300][Batch 1/19] BatchTime = 1.763 (s) DataTime = 0.645 (s) Losses = ['2.9784'] lr = 0.000497
2025-10-16 12:40:48,796 - pretrain_vessel_Point_M2AE - INFO - [Training] EPOCH: 16 EpochTime = 21.994 (s) Losses = ['2.3570'] lr = 0.000497
2025-10-16 12:40:49,181 - pretrain_vessel_Point_M2AE - INFO - Save checkpoint at ./experiments/pretrain_vessel_Point_M2AE/cfgs/pretrain_vessel_run_3/ckpt-last.pth
2025-10-16 12:40:50,954 - pretrain_vessel_Point_M2AE - INFO - [Epoch 17/300][Batch 1/19] BatchTime = 1.771 (s) DataTime = 0.650 (s) Losses = ['2.2522'] lr = 0.000497
2025-10-16 12:41:11,179 - pretrain_vessel_Point_M2AE - INFO - [Training] EPOCH: 17 EpochTime = 21.997 (s) Losses = ['1.9461'] lr = 0.000496
2025-10-16 12:41:11,560 - pretrain_vessel_Point_M2AE - INFO - Save checkpoint at ./experiments/pretrain_vessel_Point_M2AE/cfgs/pretrain_vessel_run_3/ckpt-last.pth
2025-10-16 12:41:13,361 - pretrain_vessel_Point_M2AE - INFO - [Epoch 18/300][Batch 1/19] BatchTime = 1.800 (s) DataTime = 0.676 (s) Losses = ['1.5279'] lr = 0.000496
2025-10-16 12:41:33,573 - pretrain_vessel_Point_M2AE - INFO - [Training] EPOCH: 18 EpochTime = 22.012 (s) Losses = ['2.1659'] lr = 0.000496
2025-10-16 12:41:33,956 - pretrain_vessel_Point_M2AE - INFO - Save checkpoint at ./experiments/pretrain_vessel_Point_M2AE/cfgs/pretrain_vessel_run_3/ckpt-last.pth
2025-10-16 12:41:35,694 - pretrain_vessel_Point_M2AE - INFO - [Epoch 19/300][Batch 1/19] BatchTime = 1.737 (s) DataTime = 0.614 (s) Losses = ['1.9457'] lr = 0.000496
2025-10-16 12:41:55,966 - pretrain_vessel_Point_M2AE - INFO - [Training] EPOCH: 19 EpochTime = 22.009 (s) Losses = ['2.1052'] lr = 0.000495
2025-10-16 12:41:56,371 - pretrain_vessel_Point_M2AE - INFO - Save checkpoint at ./experiments/pretrain_vessel_Point_M2AE/cfgs/pretrain_vessel_run_3/ckpt-last.pth
2025-10-16 12:41:58,109 - pretrain_vessel_Point_M2AE - INFO - [Epoch 20/300][Batch 1/19] BatchTime = 1.736 (s) DataTime = 0.607 (s) Losses = ['1.5605'] lr = 0.000495
2025-10-16 12:42:18,574 - pretrain_vessel_Point_M2AE - INFO - [Training] EPOCH: 20 EpochTime = 22.201 (s) Losses = ['1.7618'] lr = 0.000495
2025-10-16 12:42:18,978 - pretrain_vessel_Point_M2AE - INFO - Save checkpoint at ./experiments/pretrain_vessel_Point_M2AE/cfgs/pretrain_vessel_run_3/ckpt-last.pth
2025-10-16 12:42:20,749 - pretrain_vessel_Point_M2AE - INFO - [Epoch 21/300][Batch 1/19] BatchTime = 1.770 (s) DataTime = 0.644 (s) Losses = ['1.7948'] lr = 0.000495
2025-10-16 12:42:41,106 - pretrain_vessel_Point_M2AE - INFO - [Training] EPOCH: 21 EpochTime = 22.128 (s) Losses = ['1.8721'] lr = 0.000494
2025-10-16 12:42:41,543 - pretrain_vessel_Point_M2AE - INFO - Save checkpoint at ./experiments/pretrain_vessel_Point_M2AE/cfgs/pretrain_vessel_run_3/ckpt-last.pth
2025-10-16 12:42:43,457 - pretrain_vessel_Point_M2AE - INFO - [Epoch 22/300][Batch 1/19] BatchTime = 1.910 (s) DataTime = 0.761 (s) Losses = ['1.5932'] lr = 0.000494
2025-10-16 12:43:03,945 - pretrain_vessel_Point_M2AE - INFO - [Training] EPOCH: 22 EpochTime = 22.399 (s) Losses = ['1.6767'] lr = 0.000493
2025-10-16 12:43:04,487 - pretrain_vessel_Point_M2AE - INFO - Save checkpoint at ./experiments/pretrain_vessel_Point_M2AE/cfgs/pretrain_vessel_run_3/ckpt-last.pth
2025-10-16 12:43:06,375 - pretrain_vessel_Point_M2AE - INFO - [Epoch 23/300][Batch 1/19] BatchTime = 1.886 (s) DataTime = 0.756 (s) Losses = ['2.3731'] lr = 0.000493
2025-10-16 12:43:26,667 - pretrain_vessel_Point_M2AE - INFO - [Training] EPOCH: 23 EpochTime = 22.178 (s) Losses = ['1.6463'] lr = 0.000493
2025-10-16 12:43:27,054 - pretrain_vessel_Point_M2AE - INFO - Save checkpoint at ./experiments/pretrain_vessel_Point_M2AE/cfgs/pretrain_vessel_run_3/ckpt-last.pth
2025-10-16 12:43:28,773 - pretrain_vessel_Point_M2AE - INFO - [Epoch 24/300][Batch 1/19] BatchTime = 1.717 (s) DataTime = 0.597 (s) Losses = ['1.5220'] lr = 0.000493
2025-10-16 12:43:49,130 - pretrain_vessel_Point_M2AE - INFO - [Training] EPOCH: 24 EpochTime = 22.074 (s) Losses = ['1.5480'] lr = 0.000492
2025-10-16 12:43:49,574 - pretrain_vessel_Point_M2AE - INFO - Save checkpoint at ./experiments/pretrain_vessel_Point_M2AE/cfgs/pretrain_vessel_run_3/ckpt-last.pth
2025-10-16 12:43:51,534 - pretrain_vessel_Point_M2AE - INFO - [Epoch 25/300][Batch 1/19] BatchTime = 1.960 (s) DataTime = 0.833 (s) Losses = ['1.8137'] lr = 0.000492
2025-10-16 12:44:11,875 - pretrain_vessel_Point_M2AE - INFO - [Training] EPOCH: 25 EpochTime = 22.300 (s) Losses = ['1.5862'] lr = 0.000491
2025-10-16 12:44:12,288 - pretrain_vessel_Point_M2AE - INFO - Save checkpoint at ./experiments/pretrain_vessel_Point_M2AE/cfgs/pretrain_vessel_run_3/ckpt-last.pth
2025-10-16 12:44:14,067 - pretrain_vessel_Point_M2AE - INFO - [Epoch 26/300][Batch 1/19] BatchTime = 1.778 (s) DataTime = 0.657 (s) Losses = ['1.7518'] lr = 0.000491
2025-10-16 12:44:34,327 - pretrain_vessel_Point_M2AE - INFO - [Training] EPOCH: 26 EpochTime = 22.038 (s) Losses = ['1.4852'] lr = 0.000491
2025-10-16 12:44:34,713 - pretrain_vessel_Point_M2AE - INFO - Save checkpoint at ./experiments/pretrain_vessel_Point_M2AE/cfgs/pretrain_vessel_run_3/ckpt-last.pth
2025-10-16 12:44:36,468 - pretrain_vessel_Point_M2AE - INFO - [Epoch 27/300][Batch 1/19] BatchTime = 1.754 (s) DataTime = 0.632 (s) Losses = ['1.3960'] lr = 0.000491
2025-10-16 12:44:56,892 - pretrain_vessel_Point_M2AE - INFO - [Training] EPOCH: 27 EpochTime = 22.179 (s) Losses = ['1.4452'] lr = 0.000490
2025-10-16 12:44:57,328 - pretrain_vessel_Point_M2AE - INFO - Save checkpoint at ./experiments/pretrain_vessel_Point_M2AE/cfgs/pretrain_vessel_run_3/ckpt-last.pth
2025-10-16 12:44:59,098 - pretrain_vessel_Point_M2AE - INFO - [Epoch 28/300][Batch 1/19] BatchTime = 1.767 (s) DataTime = 0.643 (s) Losses = ['1.5155'] lr = 0.000490
2025-10-16 12:45:19,601 - pretrain_vessel_Point_M2AE - INFO - [Training] EPOCH: 28 EpochTime = 22.270 (s) Losses = ['1.4457'] lr = 0.000489
2025-10-16 12:45:20,031 - pretrain_vessel_Point_M2AE - INFO - Save checkpoint at ./experiments/pretrain_vessel_Point_M2AE/cfgs/pretrain_vessel_run_3/ckpt-last.pth
2025-10-16 12:45:21,943 - pretrain_vessel_Point_M2AE - INFO - [Epoch 29/300][Batch 1/19] BatchTime = 1.911 (s) DataTime = 0.779 (s) Losses = ['1.4096'] lr = 0.000489
2025-10-16 12:45:42,338 - pretrain_vessel_Point_M2AE - INFO - [Training] EPOCH: 29 EpochTime = 22.305 (s) Losses = ['1.4158'] lr = 0.000489
2025-10-16 12:45:42,721 - pretrain_vessel_Point_M2AE - INFO - Save checkpoint at ./experiments/pretrain_vessel_Point_M2AE/cfgs/pretrain_vessel_run_3/ckpt-last.pth
2025-10-16 12:45:44,557 - pretrain_vessel_Point_M2AE - INFO - [Epoch 30/300][Batch 1/19] BatchTime = 1.834 (s) DataTime = 0.644 (s) Losses = ['1.4128'] lr = 0.000489
2025-10-16 12:46:04,846 - pretrain_vessel_Point_M2AE - INFO - [Training] EPOCH: 30 EpochTime = 22.123 (s) Losses = ['1.5222'] lr = 0.000488
2025-10-16 12:46:05,229 - pretrain_vessel_Point_M2AE - INFO - Save checkpoint at ./experiments/pretrain_vessel_Point_M2AE/cfgs/pretrain_vessel_run_3/ckpt-last.pth
2025-10-16 12:46:07,067 - pretrain_vessel_Point_M2AE - INFO - [Epoch 31/300][Batch 1/19] BatchTime = 1.837 (s) DataTime = 0.716 (s) Losses = ['1.3079'] lr = 0.000488
2025-10-16 12:46:27,554 - pretrain_vessel_Point_M2AE - INFO - [Training] EPOCH: 31 EpochTime = 22.323 (s) Losses = ['1.6428'] lr = 0.000487
2025-10-16 12:46:27,949 - pretrain_vessel_Point_M2AE - INFO - Save checkpoint at ./experiments/pretrain_vessel_Point_M2AE/cfgs/pretrain_vessel_run_3/ckpt-last.pth
2025-10-16 12:46:29,662 - pretrain_vessel_Point_M2AE - INFO - [Epoch 32/300][Batch 1/19] BatchTime = 1.711 (s) DataTime = 0.590 (s) Losses = ['1.8286'] lr = 0.000487
2025-10-16 12:46:49,936 - pretrain_vessel_Point_M2AE - INFO - [Training] EPOCH: 32 EpochTime = 21.985 (s) Losses = ['1.5211'] lr = 0.000486
2025-10-16 12:46:50,346 - pretrain_vessel_Point_M2AE - INFO - Save checkpoint at ./experiments/pretrain_vessel_Point_M2AE/cfgs/pretrain_vessel_run_3/ckpt-last.pth
2025-10-16 12:46:52,107 - pretrain_vessel_Point_M2AE - INFO - [Epoch 33/300][Batch 1/19] BatchTime = 1.759 (s) DataTime = 0.627 (s) Losses = ['1.2326'] lr = 0.000486
2025-10-16 12:47:13,081 - pretrain_vessel_Point_M2AE - INFO - [Training] EPOCH: 33 EpochTime = 22.733 (s) Losses = ['1.3639'] lr = 0.000485
2025-10-16 12:47:14,086 - pretrain_vessel_Point_M2AE - INFO - Save checkpoint at ./experiments/pretrain_vessel_Point_M2AE/cfgs/pretrain_vessel_run_3/ckpt-last.pth
2025-10-16 12:47:16,684 - pretrain_vessel_Point_M2AE - INFO - [Epoch 34/300][Batch 1/19] BatchTime = 2.596 (s) DataTime = 1.377 (s) Losses = ['1.1911'] lr = 0.000485
2025-10-16 12:47:37,812 - pretrain_vessel_Point_M2AE - INFO - [Training] EPOCH: 34 EpochTime = 23.724 (s) Losses = ['1.2981'] lr = 0.000484
2025-10-16 12:47:38,559 - pretrain_vessel_Point_M2AE - INFO - Save checkpoint at ./experiments/pretrain_vessel_Point_M2AE/cfgs/pretrain_vessel_run_3/ckpt-last.pth
2025-10-16 12:47:40,676 - pretrain_vessel_Point_M2AE - INFO - [Epoch 35/300][Batch 1/19] BatchTime = 2.114 (s) DataTime = 0.968 (s) Losses = ['2.0111'] lr = 0.000484
2025-10-16 12:48:01,091 - pretrain_vessel_Point_M2AE - INFO - [Training] EPOCH: 35 EpochTime = 22.529 (s) Losses = ['1.3968'] lr = 0.000483
2025-10-16 12:48:01,551 - pretrain_vessel_Point_M2AE - INFO - Save checkpoint at ./experiments/pretrain_vessel_Point_M2AE/cfgs/pretrain_vessel_run_3/ckpt-last.pth
2025-10-16 12:48:03,535 - pretrain_vessel_Point_M2AE - INFO - [Epoch 36/300][Batch 1/19] BatchTime = 1.981 (s) DataTime = 0.857 (s) Losses = ['1.1812'] lr = 0.000483
2025-10-16 12:48:24,126 - pretrain_vessel_Point_M2AE - INFO - [Training] EPOCH: 36 EpochTime = 22.572 (s) Losses = ['1.6637'] lr = 0.000482
2025-10-16 12:48:24,519 - pretrain_vessel_Point_M2AE - INFO - Save checkpoint at ./experiments/pretrain_vessel_Point_M2AE/cfgs/pretrain_vessel_run_3/ckpt-last.pth
2025-10-16 12:48:26,326 - pretrain_vessel_Point_M2AE - INFO - [Epoch 37/300][Batch 1/19] BatchTime = 1.807 (s) DataTime = 0.679 (s) Losses = ['1.4545'] lr = 0.000482
2025-10-16 12:48:46,791 - pretrain_vessel_Point_M2AE - INFO - [Training] EPOCH: 37 EpochTime = 22.271 (s) Losses = ['7.5648'] lr = 0.000482
2025-10-16 12:48:47,505 - pretrain_vessel_Point_M2AE - INFO - Save checkpoint at ./experiments/pretrain_vessel_Point_M2AE/cfgs/pretrain_vessel_run_3/ckpt-last.pth
2025-10-16 12:48:49,360 - pretrain_vessel_Point_M2AE - INFO - [Epoch 38/300][Batch 1/19] BatchTime = 1.853 (s) DataTime = 0.727 (s) Losses = ['2.5898'] lr = 0.000482
2025-10-16 12:49:09,619 - pretrain_vessel_Point_M2AE - INFO - [Training] EPOCH: 38 EpochTime = 22.112 (s) Losses = ['3.2930'] lr = 0.000481
2025-10-16 12:49:10,130 - pretrain_vessel_Point_M2AE - INFO - Save checkpoint at ./experiments/pretrain_vessel_Point_M2AE/cfgs/pretrain_vessel_run_3/ckpt-last.pth
2025-10-16 12:49:11,957 - pretrain_vessel_Point_M2AE - INFO - [Epoch 39/300][Batch 1/19] BatchTime = 1.824 (s) DataTime = 0.694 (s) Losses = ['1.7631'] lr = 0.000481
2025-10-16 12:49:32,234 - pretrain_vessel_Point_M2AE - INFO - [Training] EPOCH: 39 EpochTime = 22.102 (s) Losses = ['2.2445'] lr = 0.000479
2025-10-16 12:49:32,622 - pretrain_vessel_Point_M2AE - INFO - Save checkpoint at ./experiments/pretrain_vessel_Point_M2AE/cfgs/pretrain_vessel_run_3/ckpt-last.pth
2025-10-16 12:49:34,411 - pretrain_vessel_Point_M2AE - INFO - [Epoch 40/300][Batch 1/19] BatchTime = 1.787 (s) DataTime = 0.663 (s) Losses = ['1.9164'] lr = 0.000479
