2025-10-17 12:43:16,496 - pretrain_vessel_Point_M2AE - INFO - Copy the Config file from cfgs/pretrain_vessel_Point_M2AE.yaml to ./experiments/pretrain_vessel_Point_M2AE/cfgs/pretrain_pointm2ae_vessel/config.yaml
2025-10-17 12:43:16,496 - pretrain_vessel_Point_M2AE - INFO - args.config : cfgs/pretrain_vessel_Point_M2AE.yaml
2025-10-17 12:43:16,497 - pretrain_vessel_Point_M2AE - INFO - args.launcher : none
2025-10-17 12:43:16,497 - pretrain_vessel_Point_M2AE - INFO - args.local_rank : 0
2025-10-17 12:43:16,497 - pretrain_vessel_Point_M2AE - INFO - args.num_workers : 8
2025-10-17 12:43:16,497 - pretrain_vessel_Point_M2AE - INFO - args.seed : 0
2025-10-17 12:43:16,497 - pretrain_vessel_Point_M2AE - INFO - args.deterministic : False
2025-10-17 12:43:16,497 - pretrain_vessel_Point_M2AE - INFO - args.sync_bn : False
2025-10-17 12:43:16,497 - pretrain_vessel_Point_M2AE - INFO - args.exp_name : pretrain_pointm2ae_vessel
2025-10-17 12:43:16,497 - pretrain_vessel_Point_M2AE - INFO - args.loss : cd1
2025-10-17 12:43:16,497 - pretrain_vessel_Point_M2AE - INFO - args.start_ckpts : None
2025-10-17 12:43:16,497 - pretrain_vessel_Point_M2AE - INFO - args.ckpts : None
2025-10-17 12:43:16,497 - pretrain_vessel_Point_M2AE - INFO - args.val_freq : 1
2025-10-17 12:43:16,497 - pretrain_vessel_Point_M2AE - INFO - args.vote : False
2025-10-17 12:43:16,497 - pretrain_vessel_Point_M2AE - INFO - args.resume : False
2025-10-17 12:43:16,497 - pretrain_vessel_Point_M2AE - INFO - args.test : False
2025-10-17 12:43:16,497 - pretrain_vessel_Point_M2AE - INFO - args.finetune_model : False
2025-10-17 12:43:16,497 - pretrain_vessel_Point_M2AE - INFO - args.scratch_model : False
2025-10-17 12:43:16,497 - pretrain_vessel_Point_M2AE - INFO - args.mode : None
2025-10-17 12:43:16,497 - pretrain_vessel_Point_M2AE - INFO - args.way : -1
2025-10-17 12:43:16,497 - pretrain_vessel_Point_M2AE - INFO - args.shot : -1
2025-10-17 12:43:16,497 - pretrain_vessel_Point_M2AE - INFO - args.fold : -1
2025-10-17 12:43:16,497 - pretrain_vessel_Point_M2AE - INFO - args.experiment_path : ./experiments/pretrain_vessel_Point_M2AE/cfgs/pretrain_pointm2ae_vessel
2025-10-17 12:43:16,497 - pretrain_vessel_Point_M2AE - INFO - args.tfboard_path : ./experiments/pretrain_vessel_Point_M2AE/cfgs/TFBoard/pretrain_pointm2ae_vessel
2025-10-17 12:43:16,497 - pretrain_vessel_Point_M2AE - INFO - args.log_name : pretrain_vessel_Point_M2AE
2025-10-17 12:43:16,497 - pretrain_vessel_Point_M2AE - INFO - args.use_gpu : True
2025-10-17 12:43:16,497 - pretrain_vessel_Point_M2AE - INFO - args.distributed : False
2025-10-17 12:43:16,497 - pretrain_vessel_Point_M2AE - INFO - config.optimizer = edict()
2025-10-17 12:43:16,497 - pretrain_vessel_Point_M2AE - INFO - config.optimizer.type : AdamW
2025-10-17 12:43:16,497 - pretrain_vessel_Point_M2AE - INFO - config.optimizer.kwargs = edict()
2025-10-17 12:43:16,497 - pretrain_vessel_Point_M2AE - INFO - config.optimizer.kwargs.lr : 0.0005
2025-10-17 12:43:16,497 - pretrain_vessel_Point_M2AE - INFO - config.optimizer.kwargs.weight_decay : 0.05
2025-10-17 12:43:16,497 - pretrain_vessel_Point_M2AE - INFO - config.scheduler = edict()
2025-10-17 12:43:16,497 - pretrain_vessel_Point_M2AE - INFO - config.scheduler.type : CosLR
2025-10-17 12:43:16,497 - pretrain_vessel_Point_M2AE - INFO - config.scheduler.kwargs = edict()
2025-10-17 12:43:16,497 - pretrain_vessel_Point_M2AE - INFO - config.scheduler.kwargs.epochs : 300
2025-10-17 12:43:16,497 - pretrain_vessel_Point_M2AE - INFO - config.scheduler.kwargs.initial_epochs : 10
2025-10-17 12:43:16,497 - pretrain_vessel_Point_M2AE - INFO - config.dataset = edict()
2025-10-17 12:43:16,497 - pretrain_vessel_Point_M2AE - INFO - config.dataset.train = edict()
2025-10-17 12:43:16,497 - pretrain_vessel_Point_M2AE - INFO - config.dataset.train._base_ = edict()
2025-10-17 12:43:16,497 - pretrain_vessel_Point_M2AE - INFO - config.dataset.train._base_.NAME : Vessel
2025-10-17 12:43:16,497 - pretrain_vessel_Point_M2AE - INFO - config.dataset.train._base_.DATA_PATH : data/Vessel
2025-10-17 12:43:16,497 - pretrain_vessel_Point_M2AE - INFO - config.dataset.train._base_.N_POINTS : 8192
2025-10-17 12:43:16,497 - pretrain_vessel_Point_M2AE - INFO - config.dataset.train._base_.PC_PATH : data/Vessel/vessel_pc
2025-10-17 12:43:16,497 - pretrain_vessel_Point_M2AE - INFO - config.dataset.train.others = edict()
2025-10-17 12:43:16,497 - pretrain_vessel_Point_M2AE - INFO - config.dataset.train.others.subset : pretrain
2025-10-17 12:43:16,497 - pretrain_vessel_Point_M2AE - INFO - config.dataset.train.others.HPR_POINTS : 2458
2025-10-17 12:43:16,497 - pretrain_vessel_Point_M2AE - INFO - config.dataset.train.others.bs : 32
2025-10-17 12:43:16,497 - pretrain_vessel_Point_M2AE - INFO - config.dataset.val = edict()
2025-10-17 12:43:16,497 - pretrain_vessel_Point_M2AE - INFO - config.dataset.val._base_ = edict()
2025-10-17 12:43:16,497 - pretrain_vessel_Point_M2AE - INFO - config.dataset.val._base_.NAME : Vessel
2025-10-17 12:43:16,497 - pretrain_vessel_Point_M2AE - INFO - config.dataset.val._base_.DATA_PATH : data/Vessel
2025-10-17 12:43:16,497 - pretrain_vessel_Point_M2AE - INFO - config.dataset.val._base_.N_POINTS : 8192
2025-10-17 12:43:16,497 - pretrain_vessel_Point_M2AE - INFO - config.dataset.val._base_.PC_PATH : data/Vessel/vessel_pc
2025-10-17 12:43:16,497 - pretrain_vessel_Point_M2AE - INFO - config.dataset.val.others = edict()
2025-10-17 12:43:16,497 - pretrain_vessel_Point_M2AE - INFO - config.dataset.val.others.subset : finetune_test
2025-10-17 12:43:16,497 - pretrain_vessel_Point_M2AE - INFO - config.dataset.val.others.HPR_POINTS : 2458
2025-10-17 12:43:16,498 - pretrain_vessel_Point_M2AE - INFO - config.dataset.val.others.bs : 64
2025-10-17 12:43:16,498 - pretrain_vessel_Point_M2AE - INFO - config.model = edict()
2025-10-17 12:43:16,498 - pretrain_vessel_Point_M2AE - INFO - config.model.NAME : Point_M2AE
2025-10-17 12:43:16,498 - pretrain_vessel_Point_M2AE - INFO - config.model.mask_ratio : 0.6
2025-10-17 12:43:16,498 - pretrain_vessel_Point_M2AE - INFO - config.model.group_sizes : [32, 64, 128]
2025-10-17 12:43:16,498 - pretrain_vessel_Point_M2AE - INFO - config.model.num_groups : [256, 128, 64]
2025-10-17 12:43:16,498 - pretrain_vessel_Point_M2AE - INFO - config.model.encoder_depths : [2, 2, 8]
2025-10-17 12:43:16,498 - pretrain_vessel_Point_M2AE - INFO - config.model.encoder_dims : [96, 192, 384]
2025-10-17 12:43:16,498 - pretrain_vessel_Point_M2AE - INFO - config.model.decoder_depths : [2, 2, 2]
2025-10-17 12:43:16,498 - pretrain_vessel_Point_M2AE - INFO - config.model.decoder_dims : [384, 192, 96]
2025-10-17 12:43:16,498 - pretrain_vessel_Point_M2AE - INFO - config.model.decoder_up_blocks : [1, 1]
2025-10-17 12:43:16,498 - pretrain_vessel_Point_M2AE - INFO - config.model.num_heads : 6
2025-10-17 12:43:16,498 - pretrain_vessel_Point_M2AE - INFO - config.model.drop_path_rate : 0.1
2025-10-17 12:43:16,498 - pretrain_vessel_Point_M2AE - INFO - config.model.local_radius : [0, 0, 0]
2025-10-17 12:43:16,498 - pretrain_vessel_Point_M2AE - INFO - config.total_bs : 32
2025-10-17 12:43:16,498 - pretrain_vessel_Point_M2AE - INFO - config.step_per_update : 1
2025-10-17 12:43:16,498 - pretrain_vessel_Point_M2AE - INFO - config.max_epoch : 300
2025-10-17 12:43:16,498 - pretrain_vessel_Point_M2AE - INFO - Distributed training: False
2025-10-17 12:43:16,498 - pretrain_vessel_Point_M2AE - INFO - Set random seed to 0, deterministic: False
2025-10-17 12:43:16,502 - pretrain_vessel_Point_M2AE - INFO - Copy the Config file from cfgs/pretrain_vessel_Point_M2AE.yaml to ./experiments/pretrain_vessel_Point_M2AE/cfgs/pretrain_pointm2ae_vessel/config.yaml
