2025-10-16 12:06:59,174 - pretrain_vessel_Point_BERT - INFO - Copy the Config file from cfgs/pretrain_vessel_Point_BERT.yaml to ./experiments/pretrain_vessel_Point_BERT/cfgs/pretrain_vessel_run_2/config.yaml
2025-10-16 12:06:59,174 - pretrain_vessel_Point_BERT - INFO - args.config : cfgs/pretrain_vessel_Point_BERT.yaml
2025-10-16 12:06:59,174 - pretrain_vessel_Point_BERT - INFO - args.launcher : none
2025-10-16 12:06:59,174 - pretrain_vessel_Point_BERT - INFO - args.local_rank : 0
2025-10-16 12:06:59,174 - pretrain_vessel_Point_BERT - INFO - args.num_workers : 8
2025-10-16 12:06:59,174 - pretrain_vessel_Point_BERT - INFO - args.seed : 0
2025-10-16 12:06:59,174 - pretrain_vessel_Point_BERT - INFO - args.deterministic : False
2025-10-16 12:06:59,174 - pretrain_vessel_Point_BERT - INFO - args.sync_bn : False
2025-10-16 12:06:59,174 - pretrain_vessel_Point_BERT - INFO - args.exp_name : pretrain_vessel_run_2
2025-10-16 12:06:59,174 - pretrain_vessel_Point_BERT - INFO - args.loss : cd1
2025-10-16 12:06:59,174 - pretrain_vessel_Point_BERT - INFO - args.start_ckpts : None
2025-10-16 12:06:59,174 - pretrain_vessel_Point_BERT - INFO - args.ckpts : None
2025-10-16 12:06:59,174 - pretrain_vessel_Point_BERT - INFO - args.val_freq : 1
2025-10-16 12:06:59,174 - pretrain_vessel_Point_BERT - INFO - args.vote : False
2025-10-16 12:06:59,174 - pretrain_vessel_Point_BERT - INFO - args.resume : False
2025-10-16 12:06:59,174 - pretrain_vessel_Point_BERT - INFO - args.test : False
2025-10-16 12:06:59,174 - pretrain_vessel_Point_BERT - INFO - args.finetune_model : False
2025-10-16 12:06:59,174 - pretrain_vessel_Point_BERT - INFO - args.scratch_model : False
2025-10-16 12:06:59,174 - pretrain_vessel_Point_BERT - INFO - args.mode : None
2025-10-16 12:06:59,174 - pretrain_vessel_Point_BERT - INFO - args.way : -1
2025-10-16 12:06:59,174 - pretrain_vessel_Point_BERT - INFO - args.shot : -1
2025-10-16 12:06:59,174 - pretrain_vessel_Point_BERT - INFO - args.fold : -1
2025-10-16 12:06:59,174 - pretrain_vessel_Point_BERT - INFO - args.experiment_path : ./experiments/pretrain_vessel_Point_BERT/cfgs/pretrain_vessel_run_2
2025-10-16 12:06:59,174 - pretrain_vessel_Point_BERT - INFO - args.tfboard_path : ./experiments/pretrain_vessel_Point_BERT/cfgs/TFBoard/pretrain_vessel_run_2
2025-10-16 12:06:59,175 - pretrain_vessel_Point_BERT - INFO - args.log_name : pretrain_vessel_Point_BERT
2025-10-16 12:06:59,175 - pretrain_vessel_Point_BERT - INFO - args.use_gpu : True
2025-10-16 12:06:59,175 - pretrain_vessel_Point_BERT - INFO - args.distributed : False
2025-10-16 12:06:59,175 - pretrain_vessel_Point_BERT - INFO - config.optimizer = edict()
2025-10-16 12:06:59,175 - pretrain_vessel_Point_BERT - INFO - config.optimizer.type : AdamW
2025-10-16 12:06:59,175 - pretrain_vessel_Point_BERT - INFO - config.optimizer.kwargs = edict()
2025-10-16 12:06:59,175 - pretrain_vessel_Point_BERT - INFO - config.optimizer.kwargs.lr : 0.001
2025-10-16 12:06:59,175 - pretrain_vessel_Point_BERT - INFO - config.optimizer.kwargs.weight_decay : 0.05
2025-10-16 12:06:59,175 - pretrain_vessel_Point_BERT - INFO - config.scheduler = edict()
2025-10-16 12:06:59,175 - pretrain_vessel_Point_BERT - INFO - config.scheduler.type : CosLR
2025-10-16 12:06:59,175 - pretrain_vessel_Point_BERT - INFO - config.scheduler.kwargs = edict()
2025-10-16 12:06:59,175 - pretrain_vessel_Point_BERT - INFO - config.scheduler.kwargs.epochs : 300
2025-10-16 12:06:59,175 - pretrain_vessel_Point_BERT - INFO - config.scheduler.kwargs.initial_epochs : 10
2025-10-16 12:06:59,175 - pretrain_vessel_Point_BERT - INFO - config.dataset = edict()
2025-10-16 12:06:59,175 - pretrain_vessel_Point_BERT - INFO - config.dataset.train = edict()
2025-10-16 12:06:59,175 - pretrain_vessel_Point_BERT - INFO - config.dataset.train._base_ = edict()
2025-10-16 12:06:59,175 - pretrain_vessel_Point_BERT - INFO - config.dataset.train._base_.NAME : Vessel
2025-10-16 12:06:59,175 - pretrain_vessel_Point_BERT - INFO - config.dataset.train._base_.DATA_PATH : data/Vessel
2025-10-16 12:06:59,175 - pretrain_vessel_Point_BERT - INFO - config.dataset.train._base_.N_POINTS : 8192
2025-10-16 12:06:59,175 - pretrain_vessel_Point_BERT - INFO - config.dataset.train._base_.PC_PATH : data/Vessel/vessel_pc
2025-10-16 12:06:59,175 - pretrain_vessel_Point_BERT - INFO - config.dataset.train.others = edict()
2025-10-16 12:06:59,175 - pretrain_vessel_Point_BERT - INFO - config.dataset.train.others.subset : train
2025-10-16 12:06:59,175 - pretrain_vessel_Point_BERT - INFO - config.dataset.train.others.HPR_POINTS : 2458
2025-10-16 12:06:59,175 - pretrain_vessel_Point_BERT - INFO - config.dataset.train.others.bs : 64
2025-10-16 12:06:59,175 - pretrain_vessel_Point_BERT - INFO - config.dataset.val = edict()
2025-10-16 12:06:59,175 - pretrain_vessel_Point_BERT - INFO - config.dataset.val._base_ = edict()
2025-10-16 12:06:59,175 - pretrain_vessel_Point_BERT - INFO - config.dataset.val._base_.NAME : Vessel
2025-10-16 12:06:59,175 - pretrain_vessel_Point_BERT - INFO - config.dataset.val._base_.DATA_PATH : data/Vessel
2025-10-16 12:06:59,175 - pretrain_vessel_Point_BERT - INFO - config.dataset.val._base_.N_POINTS : 8192
2025-10-16 12:06:59,175 - pretrain_vessel_Point_BERT - INFO - config.dataset.val._base_.PC_PATH : data/Vessel/vessel_pc
2025-10-16 12:06:59,175 - pretrain_vessel_Point_BERT - INFO - config.dataset.val.others = edict()
2025-10-16 12:06:59,175 - pretrain_vessel_Point_BERT - INFO - config.dataset.val.others.subset : test
2025-10-16 12:06:59,175 - pretrain_vessel_Point_BERT - INFO - config.dataset.val.others.HPR_POINTS : 2458
2025-10-16 12:06:59,175 - pretrain_vessel_Point_BERT - INFO - config.dataset.val.others.bs : 128
2025-10-16 12:06:59,175 - pretrain_vessel_Point_BERT - INFO - config.model = edict()
2025-10-16 12:06:59,175 - pretrain_vessel_Point_BERT - INFO - config.model.NAME : Point_BERT
2025-10-16 12:06:59,175 - pretrain_vessel_Point_BERT - INFO - config.model.group_size : 32
2025-10-16 12:06:59,175 - pretrain_vessel_Point_BERT - INFO - config.model.num_group : 256
2025-10-16 12:06:59,175 - pretrain_vessel_Point_BERT - INFO - config.model.num_tokens : 8192
2025-10-16 12:06:59,175 - pretrain_vessel_Point_BERT - INFO - config.model.encoder_dims : 384
2025-10-16 12:06:59,175 - pretrain_vessel_Point_BERT - INFO - config.model.transformer_config = edict()
2025-10-16 12:06:59,175 - pretrain_vessel_Point_BERT - INFO - config.model.transformer_config.trans_dim : 384
2025-10-16 12:06:59,175 - pretrain_vessel_Point_BERT - INFO - config.model.transformer_config.depth : 12
2025-10-16 12:06:59,175 - pretrain_vessel_Point_BERT - INFO - config.model.transformer_config.drop_path_rate : 0.1
2025-10-16 12:06:59,175 - pretrain_vessel_Point_BERT - INFO - config.model.transformer_config.num_heads : 6
2025-10-16 12:06:59,175 - pretrain_vessel_Point_BERT - INFO - config.total_bs : 64
2025-10-16 12:06:59,175 - pretrain_vessel_Point_BERT - INFO - config.step_per_update : 1
2025-10-16 12:06:59,175 - pretrain_vessel_Point_BERT - INFO - config.max_epoch : 300
2025-10-16 12:06:59,175 - pretrain_vessel_Point_BERT - INFO - Distributed training: False
2025-10-16 12:06:59,175 - pretrain_vessel_Point_BERT - INFO - Set random seed to 0, deterministic: False
