2025-10-16 13:03:24,179 - pretrain_vessel_dvae - INFO - Copy the Config file from cfgs/pretrain_vessel_dvae.yaml to ./experiments/pretrain_vessel_dvae/cfgs/pretrain_vessel_run_4/config.yaml
2025-10-16 13:03:24,179 - pretrain_vessel_dvae - INFO - args.config : cfgs/pretrain_vessel_dvae.yaml
2025-10-16 13:03:24,179 - pretrain_vessel_dvae - INFO - args.launcher : none
2025-10-16 13:03:24,179 - pretrain_vessel_dvae - INFO - args.local_rank : 0
2025-10-16 13:03:24,179 - pretrain_vessel_dvae - INFO - args.num_workers : 8
2025-10-16 13:03:24,179 - pretrain_vessel_dvae - INFO - args.seed : 0
2025-10-16 13:03:24,179 - pretrain_vessel_dvae - INFO - args.deterministic : False
2025-10-16 13:03:24,179 - pretrain_vessel_dvae - INFO - args.sync_bn : False
2025-10-16 13:03:24,179 - pretrain_vessel_dvae - INFO - args.exp_name : pretrain_vessel_run_4
2025-10-16 13:03:24,179 - pretrain_vessel_dvae - INFO - args.loss : cd1
2025-10-16 13:03:24,179 - pretrain_vessel_dvae - INFO - args.start_ckpts : None
2025-10-16 13:03:24,179 - pretrain_vessel_dvae - INFO - args.ckpts : None
2025-10-16 13:03:24,179 - pretrain_vessel_dvae - INFO - args.val_freq : 1
2025-10-16 13:03:24,179 - pretrain_vessel_dvae - INFO - args.vote : False
2025-10-16 13:03:24,180 - pretrain_vessel_dvae - INFO - args.resume : False
2025-10-16 13:03:24,180 - pretrain_vessel_dvae - INFO - args.test : False
2025-10-16 13:03:24,180 - pretrain_vessel_dvae - INFO - args.finetune_model : False
2025-10-16 13:03:24,180 - pretrain_vessel_dvae - INFO - args.scratch_model : False
2025-10-16 13:03:24,180 - pretrain_vessel_dvae - INFO - args.mode : None
2025-10-16 13:03:24,180 - pretrain_vessel_dvae - INFO - args.way : -1
2025-10-16 13:03:24,180 - pretrain_vessel_dvae - INFO - args.shot : -1
2025-10-16 13:03:24,180 - pretrain_vessel_dvae - INFO - args.fold : -1
2025-10-16 13:03:24,180 - pretrain_vessel_dvae - INFO - args.experiment_path : ./experiments/pretrain_vessel_dvae/cfgs/pretrain_vessel_run_4
2025-10-16 13:03:24,180 - pretrain_vessel_dvae - INFO - args.tfboard_path : ./experiments/pretrain_vessel_dvae/cfgs/TFBoard/pretrain_vessel_run_4
2025-10-16 13:03:24,180 - pretrain_vessel_dvae - INFO - args.log_name : pretrain_vessel_dvae
2025-10-16 13:03:24,180 - pretrain_vessel_dvae - INFO - args.use_gpu : True
2025-10-16 13:03:24,180 - pretrain_vessel_dvae - INFO - args.distributed : False
2025-10-16 13:03:24,180 - pretrain_vessel_dvae - INFO - config.optimizer = edict()
2025-10-16 13:03:24,180 - pretrain_vessel_dvae - INFO - config.optimizer.type : AdamW
2025-10-16 13:03:24,180 - pretrain_vessel_dvae - INFO - config.optimizer.kwargs = edict()
2025-10-16 13:03:24,180 - pretrain_vessel_dvae - INFO - config.optimizer.kwargs.lr : 0.001
2025-10-16 13:03:24,180 - pretrain_vessel_dvae - INFO - config.optimizer.kwargs.weight_decay : 0.05
2025-10-16 13:03:24,180 - pretrain_vessel_dvae - INFO - config.scheduler = edict()
2025-10-16 13:03:24,180 - pretrain_vessel_dvae - INFO - config.scheduler.type : CosLR
2025-10-16 13:03:24,180 - pretrain_vessel_dvae - INFO - config.scheduler.kwargs = edict()
2025-10-16 13:03:24,180 - pretrain_vessel_dvae - INFO - config.scheduler.kwargs.epochs : 100
2025-10-16 13:03:24,180 - pretrain_vessel_dvae - INFO - config.scheduler.kwargs.initial_epochs : 10
2025-10-16 13:03:24,180 - pretrain_vessel_dvae - INFO - config.dataset = edict()
2025-10-16 13:03:24,180 - pretrain_vessel_dvae - INFO - config.dataset.train = edict()
2025-10-16 13:03:24,180 - pretrain_vessel_dvae - INFO - config.dataset.train._base_ = edict()
2025-10-16 13:03:24,180 - pretrain_vessel_dvae - INFO - config.dataset.train._base_.NAME : Vessel
2025-10-16 13:03:24,180 - pretrain_vessel_dvae - INFO - config.dataset.train._base_.DATA_PATH : data/Vessel
2025-10-16 13:03:24,180 - pretrain_vessel_dvae - INFO - config.dataset.train._base_.N_POINTS : 8192
2025-10-16 13:03:24,180 - pretrain_vessel_dvae - INFO - config.dataset.train._base_.PC_PATH : data/Vessel/vessel_pc
2025-10-16 13:03:24,180 - pretrain_vessel_dvae - INFO - config.dataset.train.others = edict()
2025-10-16 13:03:24,180 - pretrain_vessel_dvae - INFO - config.dataset.train.others.subset : train
2025-10-16 13:03:24,180 - pretrain_vessel_dvae - INFO - config.dataset.train.others.HPR_POINTS : 0
2025-10-16 13:03:24,180 - pretrain_vessel_dvae - INFO - config.dataset.train.others.bs : 128
2025-10-16 13:03:24,180 - pretrain_vessel_dvae - INFO - config.dataset.val = edict()
2025-10-16 13:03:24,181 - pretrain_vessel_dvae - INFO - config.dataset.val._base_ = edict()
2025-10-16 13:03:24,181 - pretrain_vessel_dvae - INFO - config.dataset.val._base_.NAME : Vessel
2025-10-16 13:03:24,181 - pretrain_vessel_dvae - INFO - config.dataset.val._base_.DATA_PATH : data/Vessel
2025-10-16 13:03:24,181 - pretrain_vessel_dvae - INFO - config.dataset.val._base_.N_POINTS : 8192
2025-10-16 13:03:24,181 - pretrain_vessel_dvae - INFO - config.dataset.val._base_.PC_PATH : data/Vessel/vessel_pc
2025-10-16 13:03:24,181 - pretrain_vessel_dvae - INFO - config.dataset.val.others = edict()
2025-10-16 13:03:24,181 - pretrain_vessel_dvae - INFO - config.dataset.val.others.subset : test
2025-10-16 13:03:24,181 - pretrain_vessel_dvae - INFO - config.dataset.val.others.HPR_POINTS : 0
2025-10-16 13:03:24,181 - pretrain_vessel_dvae - INFO - config.dataset.val.others.bs : 256
2025-10-16 13:03:24,181 - pretrain_vessel_dvae - INFO - config.model = edict()
2025-10-16 13:03:24,181 - pretrain_vessel_dvae - INFO - config.model.NAME : DiscreteVAE
2025-10-16 13:03:24,181 - pretrain_vessel_dvae - INFO - config.model.num_tokens : 8192
2025-10-16 13:03:24,181 - pretrain_vessel_dvae - INFO - config.model.encoder_dims : 384
2025-10-16 13:03:24,181 - pretrain_vessel_dvae - INFO - config.model.group_size : 32
2025-10-16 13:03:24,181 - pretrain_vessel_dvae - INFO - config.model.num_group : 256
2025-10-16 13:03:24,181 - pretrain_vessel_dvae - INFO - config.total_bs : 128
2025-10-16 13:03:24,181 - pretrain_vessel_dvae - INFO - config.step_per_update : 1
2025-10-16 13:03:24,181 - pretrain_vessel_dvae - INFO - config.max_epoch : 100
2025-10-16 13:03:24,181 - pretrain_vessel_dvae - INFO - Distributed training: False
2025-10-16 13:03:24,181 - pretrain_vessel_dvae - INFO - Set random seed to 0, deterministic: False
2025-10-16 13:03:25,420 - pretrain_vessel_dvae - INFO - Using Data parallel ...
